mode: set
github.com/SecurityBrewery/catalyst/caql/blevebuilder.go:20.39,22.2 1 1
github.com/SecurityBrewery/catalyst/caql/blevebuilder.go:25.41,28.14 2 1
github.com/SecurityBrewery/catalyst/caql/blevebuilder.go:28.14,29.18 1 0
github.com/SecurityBrewery/catalyst/caql/blevebuilder.go:33.2,35.8 2 1
github.com/SecurityBrewery/catalyst/caql/blevebuilder.go:38.47,42.2 2 1
github.com/SecurityBrewery/catalyst/caql/blevebuilder.go:45.70,46.9 1 1
github.com/SecurityBrewery/catalyst/caql/blevebuilder.go:47.34,47.34 0 1
github.com/SecurityBrewery/catalyst/caql/blevebuilder.go:49.30,49.30 0 1
github.com/SecurityBrewery/catalyst/caql/blevebuilder.go:51.35,52.24 1 0
github.com/SecurityBrewery/catalyst/caql/blevebuilder.go:53.27,54.14 1 0
github.com/SecurityBrewery/catalyst/caql/blevebuilder.go:55.28,56.14 1 0
github.com/SecurityBrewery/catalyst/caql/blevebuilder.go:57.28,58.14 1 0
github.com/SecurityBrewery/catalyst/caql/blevebuilder.go:59.26,60.14 1 0
github.com/SecurityBrewery/catalyst/caql/blevebuilder.go:61.26,62.24 1 0
github.com/SecurityBrewery/catalyst/caql/blevebuilder.go:63.28,64.24 1 0
github.com/SecurityBrewery/catalyst/caql/blevebuilder.go:65.50,67.45 2 0
github.com/SecurityBrewery/catalyst/caql/blevebuilder.go:68.50,70.45 2 0
github.com/SecurityBrewery/catalyst/caql/blevebuilder.go:71.50,73.46 2 0
github.com/SecurityBrewery/catalyst/caql/blevebuilder.go:74.50,76.46 2 0
github.com/SecurityBrewery/catalyst/caql/blevebuilder.go:77.50,78.24 1 0
github.com/SecurityBrewery/catalyst/caql/blevebuilder.go:79.50,81.44 2 1
github.com/SecurityBrewery/catalyst/caql/blevebuilder.go:82.50,84.45 2 0
github.com/SecurityBrewery/catalyst/caql/blevebuilder.go:85.51,86.14 1 0
github.com/SecurityBrewery/catalyst/caql/blevebuilder.go:87.51,88.14 1 0
github.com/SecurityBrewery/catalyst/caql/blevebuilder.go:89.52,90.24 1 0
github.com/SecurityBrewery/catalyst/caql/blevebuilder.go:91.69,92.14 1 0
github.com/SecurityBrewery/catalyst/caql/blevebuilder.go:93.69,94.14 1 0
github.com/SecurityBrewery/catalyst/caql/blevebuilder.go:95.70,96.24 1 0
github.com/SecurityBrewery/catalyst/caql/blevebuilder.go:97.27,98.66 1 0
github.com/SecurityBrewery/catalyst/caql/blevebuilder.go:99.34,101.25 2 0
github.com/SecurityBrewery/catalyst/caql/blevebuilder.go:101.25,103.4 1 0
github.com/SecurityBrewery/catalyst/caql/blevebuilder.go:103.9,105.4 1 0
github.com/SecurityBrewery/catalyst/caql/blevebuilder.go:106.38,107.98 1 0
github.com/SecurityBrewery/catalyst/caql/blevebuilder.go:108.26,110.44 2 1
github.com/SecurityBrewery/catalyst/caql/blevebuilder.go:111.25,112.83 1 1
github.com/SecurityBrewery/catalyst/caql/blevebuilder.go:113.64,114.99 1 0
github.com/SecurityBrewery/catalyst/caql/blevebuilder.go:115.64,116.99 1 0
github.com/SecurityBrewery/catalyst/caql/blevebuilder.go:117.10,118.30 1 0
github.com/SecurityBrewery/catalyst/caql/blevebuilder.go:123.68,124.9 1 1
github.com/SecurityBrewery/catalyst/caql/blevebuilder.go:125.24,128.68 2 0
github.com/SecurityBrewery/catalyst/caql/blevebuilder.go:129.29,130.35 1 1
github.com/SecurityBrewery/catalyst/caql/blevebuilder.go:131.35,132.24 1 0
github.com/SecurityBrewery/catalyst/caql/blevebuilder.go:133.34,134.24 1 0
github.com/SecurityBrewery/catalyst/caql/blevebuilder.go:135.27,136.24 1 0
github.com/SecurityBrewery/catalyst/caql/blevebuilder.go:137.33,138.24 1 0
github.com/SecurityBrewery/catalyst/caql/blevebuilder.go:139.10,140.60 1 0
github.com/SecurityBrewery/catalyst/caql/blevebuilder.go:145.76,146.34 1 1
github.com/SecurityBrewery/catalyst/caql/blevebuilder.go:146.34,148.17 2 1
github.com/SecurityBrewery/catalyst/caql/blevebuilder.go:148.17,149.14 1 0
github.com/SecurityBrewery/catalyst/caql/blevebuilder.go:151.3,151.28 1 1
github.com/SecurityBrewery/catalyst/caql/blevebuilder.go:152.8,154.3 1 0
github.com/SecurityBrewery/catalyst/caql/builder.go:25.37,27.2 1 1
github.com/SecurityBrewery/catalyst/caql/builder.go:30.39,33.14 2 1
github.com/SecurityBrewery/catalyst/caql/builder.go:33.14,34.18 1 0
github.com/SecurityBrewery/catalyst/caql/builder.go:38.2,40.8 2 1
github.com/SecurityBrewery/catalyst/caql/builder.go:43.51,47.2 2 1
github.com/SecurityBrewery/catalyst/caql/builder.go:50.68,51.9 1 1
github.com/SecurityBrewery/catalyst/caql/builder.go:52.34,53.41 1 1
github.com/SecurityBrewery/catalyst/caql/builder.go:53.41,55.4 1 1
github.com/SecurityBrewery/catalyst/caql/builder.go:56.30,58.20 2 1
github.com/SecurityBrewery/catalyst/caql/builder.go:58.20,60.4 1 0
github.com/SecurityBrewery/catalyst/caql/builder.go:60.9,62.4 1 1
github.com/SecurityBrewery/catalyst/caql/builder.go:64.35,65.34 1 1
github.com/SecurityBrewery/catalyst/caql/builder.go:67.27,69.46 2 1
github.com/SecurityBrewery/catalyst/caql/builder.go:70.28,72.46 2 1
github.com/SecurityBrewery/catalyst/caql/builder.go:73.28,75.46 2 1
github.com/SecurityBrewery/catalyst/caql/builder.go:76.26,78.46 2 1
github.com/SecurityBrewery/catalyst/caql/builder.go:79.26,81.47 2 1
github.com/SecurityBrewery/catalyst/caql/builder.go:83.28,85.45 2 1
github.com/SecurityBrewery/catalyst/caql/builder.go:87.50,89.46 2 1
github.com/SecurityBrewery/catalyst/caql/builder.go:90.50,92.46 2 1
github.com/SecurityBrewery/catalyst/caql/builder.go:93.50,95.47 2 1
github.com/SecurityBrewery/catalyst/caql/builder.go:96.50,98.47 2 1
github.com/SecurityBrewery/catalyst/caql/builder.go:100.50,102.25 2 1
github.com/SecurityBrewery/catalyst/caql/builder.go:102.25,104.4 1 1
github.com/SecurityBrewery/catalyst/caql/builder.go:104.9,106.4 1 1
github.com/SecurityBrewery/catalyst/caql/builder.go:108.50,110.47 2 1
github.com/SecurityBrewery/catalyst/caql/builder.go:111.50,113.47 2 1
github.com/SecurityBrewery/catalyst/caql/builder.go:115.51,117.77 2 1
github.com/SecurityBrewery/catalyst/caql/builder.go:118.51,120.77 2 1
github.com/SecurityBrewery/catalyst/caql/builder.go:121.52,123.78 2 1
github.com/SecurityBrewery/catalyst/caql/builder.go:125.69,127.51 2 0
github.com/SecurityBrewery/catalyst/caql/builder.go:128.69,130.51 2 0
github.com/SecurityBrewery/catalyst/caql/builder.go:131.70,133.52 2 0
github.com/SecurityBrewery/catalyst/caql/builder.go:135.27,137.25 2 1
github.com/SecurityBrewery/catalyst/caql/builder.go:137.25,139.4 1 1
github.com/SecurityBrewery/catalyst/caql/builder.go:139.9,141.4 1 1
github.com/SecurityBrewery/catalyst/caql/builder.go:142.34,144.25 2 1
github.com/SecurityBrewery/catalyst/caql/builder.go:144.25,146.4 1 0
github.com/SecurityBrewery/catalyst/caql/builder.go:146.9,148.4 1 1
github.com/SecurityBrewery/catalyst/caql/builder.go:149.38,151.25 2 1
github.com/SecurityBrewery/catalyst/caql/builder.go:151.25,153.4 1 0
github.com/SecurityBrewery/catalyst/caql/builder.go:153.9,155.4 1 1
github.com/SecurityBrewery/catalyst/caql/builder.go:157.26,161.48 4 1
github.com/SecurityBrewery/catalyst/caql/builder.go:162.25,166.47 4 1
github.com/SecurityBrewery/catalyst/caql/builder.go:168.64,170.59 2 1
github.com/SecurityBrewery/catalyst/caql/builder.go:171.64,173.48 2 1
github.com/SecurityBrewery/catalyst/caql/builder.go:175.10,176.30 1 0
github.com/SecurityBrewery/catalyst/caql/builder.go:180.52,182.16 2 1
github.com/SecurityBrewery/catalyst/caql/builder.go:182.16,184.17 2 1
github.com/SecurityBrewery/catalyst/caql/builder.go:184.17,185.42 1 0
github.com/SecurityBrewery/catalyst/caql/builder.go:188.3,188.67 1 1
github.com/SecurityBrewery/catalyst/caql/builder.go:191.2,191.10 1 1
github.com/SecurityBrewery/catalyst/caql/builder.go:195.76,197.9 2 1
github.com/SecurityBrewery/catalyst/caql/builder.go:198.27,199.16 1 1
github.com/SecurityBrewery/catalyst/caql/builder.go:200.28,201.36 1 1
github.com/SecurityBrewery/catalyst/caql/builder.go:202.26,203.39 1 1
github.com/SecurityBrewery/catalyst/caql/builder.go:204.10,205.64 1 0
github.com/SecurityBrewery/catalyst/caql/builder.go:210.66,211.9 1 1
github.com/SecurityBrewery/catalyst/caql/builder.go:212.24,214.64 2 1
github.com/SecurityBrewery/catalyst/caql/builder.go:214.64,216.4 1 0
github.com/SecurityBrewery/catalyst/caql/builder.go:217.3,217.68 1 1
github.com/SecurityBrewery/catalyst/caql/builder.go:218.29,220.64 2 1
github.com/SecurityBrewery/catalyst/caql/builder.go:220.64,222.4 1 0
github.com/SecurityBrewery/catalyst/caql/builder.go:223.3,223.20 1 1
github.com/SecurityBrewery/catalyst/caql/builder.go:224.35,224.35 0 1
github.com/SecurityBrewery/catalyst/caql/builder.go:226.34,226.34 0 1
github.com/SecurityBrewery/catalyst/caql/builder.go:228.27,229.39 1 1
github.com/SecurityBrewery/catalyst/caql/builder.go:230.33,234.48 3 1
github.com/SecurityBrewery/catalyst/caql/builder.go:235.10,236.60 1 0
github.com/SecurityBrewery/catalyst/caql/builder.go:241.75,243.2 0 1
github.com/SecurityBrewery/catalyst/caql/builder.go:246.74,248.32 2 1
github.com/SecurityBrewery/catalyst/caql/builder.go:248.32,251.3 1 1
github.com/SecurityBrewery/catalyst/caql/builder.go:252.2,254.80 2 1
github.com/SecurityBrewery/catalyst/caql/builder.go:254.80,255.28 1 1
github.com/SecurityBrewery/catalyst/caql/builder.go:258.2,258.85 1 1
github.com/SecurityBrewery/catalyst/caql/builder.go:262.74,263.34 1 1
github.com/SecurityBrewery/catalyst/caql/builder.go:263.34,265.17 2 1
github.com/SecurityBrewery/catalyst/caql/builder.go:265.17,266.14 1 0
github.com/SecurityBrewery/catalyst/caql/builder.go:268.3,268.28 1 1
github.com/SecurityBrewery/catalyst/caql/builder.go:269.8,271.3 1 1
github.com/SecurityBrewery/catalyst/caql/builder.go:275.58,277.32 2 1
github.com/SecurityBrewery/catalyst/caql/builder.go:277.32,280.3 1 1
github.com/SecurityBrewery/catalyst/caql/builder.go:281.2,281.50 1 1
github.com/SecurityBrewery/catalyst/caql/builder.go:285.60,287.36 2 1
github.com/SecurityBrewery/catalyst/caql/builder.go:287.36,291.3 2 1
github.com/SecurityBrewery/catalyst/caql/builder.go:293.2,293.50 1 1
github.com/SecurityBrewery/catalyst/caql/builder.go:297.76,298.9 1 1
github.com/SecurityBrewery/catalyst/caql/builder.go:299.29,301.24 2 0
github.com/SecurityBrewery/catalyst/caql/builder.go:302.67,306.16 3 1
github.com/SecurityBrewery/catalyst/caql/builder.go:307.10,308.60 1 0
github.com/SecurityBrewery/catalyst/caql/builder.go:313.86,314.9 1 1
github.com/SecurityBrewery/catalyst/caql/builder.go:315.29,316.35 1 1
github.com/SecurityBrewery/catalyst/caql/builder.go:317.36,318.42 1 1
github.com/SecurityBrewery/catalyst/caql/builder.go:319.10,320.60 1 0
github.com/SecurityBrewery/catalyst/caql/function.go:17.69,18.51 1 1
github.com/SecurityBrewery/catalyst/caql/function.go:19.10,20.49 1 0
github.com/SecurityBrewery/catalyst/caql/function.go:23.16,25.36 2 1
github.com/SecurityBrewery/catalyst/caql/function.go:25.36,27.4 1 1
github.com/SecurityBrewery/catalyst/caql/function.go:28.3,31.8 3 1
github.com/SecurityBrewery/catalyst/caql/function.go:31.8,32.31 1 1
github.com/SecurityBrewery/catalyst/caql/function.go:32.31,34.5 1 1
github.com/SecurityBrewery/catalyst/caql/function.go:37.3,37.28 1 1
github.com/SecurityBrewery/catalyst/caql/function.go:37.28,39.17 2 1
github.com/SecurityBrewery/catalyst/caql/function.go:39.17,42.5 2 1
github.com/SecurityBrewery/catalyst/caql/function.go:44.3,44.19 1 1
github.com/SecurityBrewery/catalyst/caql/function.go:45.40,49.27 4 1
github.com/SecurityBrewery/catalyst/caql/function.go:49.27,51.11 2 1
github.com/SecurityBrewery/catalyst/caql/function.go:51.11,54.5 2 1
github.com/SecurityBrewery/catalyst/caql/function.go:56.3,56.25 1 1
github.com/SecurityBrewery/catalyst/caql/function.go:57.15,59.22 2 1
github.com/SecurityBrewery/catalyst/caql/function.go:59.22,61.4 1 1
github.com/SecurityBrewery/catalyst/caql/function.go:61.9,63.4 1 1
github.com/SecurityBrewery/catalyst/caql/function.go:66.22,69.49 2 1
github.com/SecurityBrewery/catalyst/caql/function.go:69.49,71.4 1 1
github.com/SecurityBrewery/catalyst/caql/function.go:73.3,73.24 1 1
github.com/SecurityBrewery/catalyst/caql/function.go:75.14,77.22 2 1
github.com/SecurityBrewery/catalyst/caql/function.go:77.22,79.4 1 0
github.com/SecurityBrewery/catalyst/caql/function.go:79.9,81.4 1 1
github.com/SecurityBrewery/catalyst/caql/function.go:82.25,83.30 1 1
github.com/SecurityBrewery/catalyst/caql/function.go:84.12,85.22 1 0
github.com/SecurityBrewery/catalyst/caql/function.go:86.13,87.9 1 1
github.com/SecurityBrewery/catalyst/caql/function.go:87.9,89.5 1 0
github.com/SecurityBrewery/catalyst/caql/function.go:89.10,91.5 1 1
github.com/SecurityBrewery/catalyst/caql/function.go:92.16,93.39 1 1
github.com/SecurityBrewery/catalyst/caql/function.go:94.15,95.46 1 1
github.com/SecurityBrewery/catalyst/caql/function.go:96.14,97.27 1 1
github.com/SecurityBrewery/catalyst/caql/function.go:98.23,99.27 1 1
github.com/SecurityBrewery/catalyst/caql/function.go:100.11,101.25 1 0
github.com/SecurityBrewery/catalyst/caql/function.go:103.15,105.49 2 1
github.com/SecurityBrewery/catalyst/caql/function.go:105.49,107.4 1 1
github.com/SecurityBrewery/catalyst/caql/function.go:109.3,111.36 2 1
github.com/SecurityBrewery/catalyst/caql/function.go:111.36,113.4 1 1
github.com/SecurityBrewery/catalyst/caql/function.go:115.3,115.24 1 1
github.com/SecurityBrewery/catalyst/caql/function.go:116.13,119.40 3 1
github.com/SecurityBrewery/catalyst/caql/function.go:119.40,121.4 1 1
github.com/SecurityBrewery/catalyst/caql/function.go:121.9,123.4 1 1
github.com/SecurityBrewery/catalyst/caql/function.go:134.13,136.31 2 1
github.com/SecurityBrewery/catalyst/caql/function.go:137.36,139.36 2 1
github.com/SecurityBrewery/catalyst/caql/function.go:139.36,141.4 1 1
github.com/SecurityBrewery/catalyst/caql/function.go:142.3,145.29 3 1
github.com/SecurityBrewery/catalyst/caql/function.go:145.29,146.19 1 1
github.com/SecurityBrewery/catalyst/caql/function.go:146.19,147.20 1 1
github.com/SecurityBrewery/catalyst/caql/function.go:147.20,149.6 1 1
github.com/SecurityBrewery/catalyst/caql/function.go:149.11,151.6 1 1
github.com/SecurityBrewery/catalyst/caql/function.go:155.3,155.18 1 1
github.com/SecurityBrewery/catalyst/caql/function.go:155.18,157.4 1 1
github.com/SecurityBrewery/catalyst/caql/function.go:157.9,159.4 1 1
github.com/SecurityBrewery/catalyst/caql/function.go:160.14,162.36 2 1
github.com/SecurityBrewery/catalyst/caql/function.go:162.36,164.4 1 1
github.com/SecurityBrewery/catalyst/caql/function.go:165.3,168.36 3 1
github.com/SecurityBrewery/catalyst/caql/function.go:168.36,170.4 1 1
github.com/SecurityBrewery/catalyst/caql/function.go:170.9,172.4 1 1
github.com/SecurityBrewery/catalyst/caql/function.go:173.20,177.19 3 1
github.com/SecurityBrewery/catalyst/caql/function.go:177.19,179.4 1 1
github.com/SecurityBrewery/catalyst/caql/function.go:181.3,182.32 2 1
github.com/SecurityBrewery/catalyst/caql/function.go:182.32,183.28 1 1
github.com/SecurityBrewery/catalyst/caql/function.go:183.28,185.5 1 1
github.com/SecurityBrewery/catalyst/caql/function.go:187.3,187.17 1 1
github.com/SecurityBrewery/catalyst/caql/function.go:188.21,190.36 2 1
github.com/SecurityBrewery/catalyst/caql/function.go:190.36,192.4 1 1
github.com/SecurityBrewery/catalyst/caql/function.go:193.3,197.19 4 1
github.com/SecurityBrewery/catalyst/caql/function.go:197.19,199.20 2 1
github.com/SecurityBrewery/catalyst/caql/function.go:199.20,201.5 1 1
github.com/SecurityBrewery/catalyst/caql/function.go:204.3,204.10 1 1
github.com/SecurityBrewery/catalyst/caql/function.go:205.38,206.42 1 1
github.com/SecurityBrewery/catalyst/caql/function.go:207.39,208.45 1 1
github.com/SecurityBrewery/catalyst/caql/function.go:209.11,210.33 1 1
github.com/SecurityBrewery/catalyst/caql/function.go:210.33,211.41 1 0
github.com/SecurityBrewery/catalyst/caql/function.go:213.4,213.38 1 1
github.com/SecurityBrewery/catalyst/caql/function.go:213.38,215.5 1 1
github.com/SecurityBrewery/catalyst/caql/function.go:216.4,216.45 1 1
github.com/SecurityBrewery/catalyst/caql/function.go:219.3,219.19 1 1
github.com/SecurityBrewery/catalyst/caql/function.go:220.22,222.36 2 1
github.com/SecurityBrewery/catalyst/caql/function.go:222.36,224.4 1 1
github.com/SecurityBrewery/catalyst/caql/function.go:225.3,228.29 4 1
github.com/SecurityBrewery/catalyst/caql/function.go:228.29,229.42 1 1
github.com/SecurityBrewery/catalyst/caql/function.go:229.42,231.5 1 1
github.com/SecurityBrewery/catalyst/caql/function.go:233.3,233.17 1 1
github.com/SecurityBrewery/catalyst/caql/function.go:234.23,238.27 4 1
github.com/SecurityBrewery/catalyst/caql/function.go:238.27,239.28 1 1
github.com/SecurityBrewery/catalyst/caql/function.go:239.28,241.5 1 1
github.com/SecurityBrewery/catalyst/caql/function.go:243.3,243.17 1 1
github.com/SecurityBrewery/catalyst/caql/function.go:244.17,247.27 3 1
github.com/SecurityBrewery/catalyst/caql/function.go:247.27,249.4 1 1
github.com/SecurityBrewery/catalyst/caql/function.go:250.3,250.18 1 1
github.com/SecurityBrewery/catalyst/caql/function.go:251.15,252.30 1 1
github.com/SecurityBrewery/catalyst/caql/function.go:253.15,256.36 3 1
github.com/SecurityBrewery/catalyst/caql/function.go:256.36,259.4 2 1
github.com/SecurityBrewery/catalyst/caql/function.go:260.3,263.16 3 1
github.com/SecurityBrewery/catalyst/caql/function.go:263.16,265.4 1 1
github.com/SecurityBrewery/catalyst/caql/function.go:266.3,266.11 1 1
github.com/SecurityBrewery/catalyst/caql/function.go:266.11,268.4 1 1
github.com/SecurityBrewery/catalyst/caql/function.go:270.3,271.17 2 1
github.com/SecurityBrewery/catalyst/caql/function.go:271.17,273.4 1 1
github.com/SecurityBrewery/catalyst/caql/function.go:273.9,275.4 1 1
github.com/SecurityBrewery/catalyst/caql/function.go:276.3,276.27 1 1
github.com/SecurityBrewery/catalyst/caql/function.go:277.16,279.41 2 1
github.com/SecurityBrewery/catalyst/caql/function.go:279.41,279.74 1 1
github.com/SecurityBrewery/catalyst/caql/function.go:280.3,280.16 1 1
github.com/SecurityBrewery/catalyst/caql/function.go:281.23,283.41 2 1
github.com/SecurityBrewery/catalyst/caql/function.go:283.41,283.74 1 1
github.com/SecurityBrewery/catalyst/caql/function.go:284.3,284.24 1 1
github.com/SecurityBrewery/catalyst/caql/function.go:285.15,288.49 2 1
github.com/SecurityBrewery/catalyst/caql/function.go:288.49,290.4 1 1
github.com/SecurityBrewery/catalyst/caql/function.go:292.3,292.41 1 1
github.com/SecurityBrewery/catalyst/caql/function.go:292.41,292.74 1 1
github.com/SecurityBrewery/catalyst/caql/function.go:293.3,293.16 1 1
github.com/SecurityBrewery/catalyst/caql/function.go:294.24,297.49 2 1
github.com/SecurityBrewery/catalyst/caql/function.go:297.49,299.4 1 1
github.com/SecurityBrewery/catalyst/caql/function.go:301.3,301.32 1 1
github.com/SecurityBrewery/catalyst/caql/function.go:302.16,303.34 1 1
github.com/SecurityBrewery/catalyst/caql/function.go:304.17,306.36 2 1
github.com/SecurityBrewery/catalyst/caql/function.go:306.36,308.4 1 1
github.com/SecurityBrewery/catalyst/caql/function.go:309.3,311.36 3 1
github.com/SecurityBrewery/catalyst/caql/function.go:311.36,313.4 1 1
github.com/SecurityBrewery/catalyst/caql/function.go:313.9,315.4 1 1
github.com/SecurityBrewery/catalyst/caql/function.go:361.20,362.36 1 1
github.com/SecurityBrewery/catalyst/caql/function.go:362.36,364.4 1 1
github.com/SecurityBrewery/catalyst/caql/function.go:365.3,366.36 2 1
github.com/SecurityBrewery/catalyst/caql/function.go:366.36,368.4 1 1
github.com/SecurityBrewery/catalyst/caql/function.go:369.3,370.43 2 1
github.com/SecurityBrewery/catalyst/caql/function.go:370.43,372.41 2 1
github.com/SecurityBrewery/catalyst/caql/function.go:372.41,374.5 1 1
github.com/SecurityBrewery/catalyst/caql/function.go:376.3,376.40 1 1
github.com/SecurityBrewery/catalyst/caql/function.go:376.40,376.71 1 1
github.com/SecurityBrewery/catalyst/caql/function.go:377.3,377.15 1 1
github.com/SecurityBrewery/catalyst/caql/function.go:379.13,382.13 3 1
github.com/SecurityBrewery/catalyst/caql/function.go:386.15,388.36 2 1
github.com/SecurityBrewery/catalyst/caql/function.go:388.36,389.40 1 1
github.com/SecurityBrewery/catalyst/caql/function.go:389.40,391.5 1 1
github.com/SecurityBrewery/catalyst/caql/function.go:392.9,393.50 1 1
github.com/SecurityBrewery/catalyst/caql/function.go:393.50,395.5 1 1
github.com/SecurityBrewery/catalyst/caql/function.go:398.3,399.39 2 1
github.com/SecurityBrewery/catalyst/caql/function.go:399.39,400.30 1 1
github.com/SecurityBrewery/catalyst/caql/function.go:400.30,402.5 1 1
github.com/SecurityBrewery/catalyst/caql/function.go:404.3,404.14 1 1
github.com/SecurityBrewery/catalyst/caql/function.go:405.25,407.49 2 1
github.com/SecurityBrewery/catalyst/caql/function.go:407.49,409.18 2 1
github.com/SecurityBrewery/catalyst/caql/function.go:409.18,410.15 1 0
github.com/SecurityBrewery/catalyst/caql/function.go:413.3,413.14 1 1
github.com/SecurityBrewery/catalyst/caql/function.go:418.16,420.36 2 1
github.com/SecurityBrewery/catalyst/caql/function.go:420.36,422.4 1 1
github.com/SecurityBrewery/catalyst/caql/function.go:423.3,424.46 2 1
github.com/SecurityBrewery/catalyst/caql/function.go:424.46,426.41 2 1
github.com/SecurityBrewery/catalyst/caql/function.go:426.41,428.5 1 1
github.com/SecurityBrewery/catalyst/caql/function.go:430.3,430.42 1 1
github.com/SecurityBrewery/catalyst/caql/function.go:430.42,430.77 1 1
github.com/SecurityBrewery/catalyst/caql/function.go:431.3,431.17 1 1
github.com/SecurityBrewery/catalyst/caql/function.go:435.13,436.38 1 1
github.com/SecurityBrewery/catalyst/caql/function.go:437.14,440.22 3 1
github.com/SecurityBrewery/catalyst/caql/function.go:440.22,442.4 1 1
github.com/SecurityBrewery/catalyst/caql/function.go:442.9,444.4 1 1
github.com/SecurityBrewery/catalyst/caql/function.go:445.14,448.22 3 1
github.com/SecurityBrewery/catalyst/caql/function.go:448.22,450.4 1 1
github.com/SecurityBrewery/catalyst/caql/function.go:450.9,452.4 1 1
github.com/SecurityBrewery/catalyst/caql/function.go:453.14,454.39 1 1
github.com/SecurityBrewery/catalyst/caql/function.go:455.15,456.59 1 0
github.com/SecurityBrewery/catalyst/caql/function.go:457.24,461.33 4 1
github.com/SecurityBrewery/catalyst/caql/function.go:461.33,462.22 1 1
github.com/SecurityBrewery/catalyst/caql/function.go:462.22,465.5 2 1
github.com/SecurityBrewery/catalyst/caql/function.go:467.3,467.17 1 1
github.com/SecurityBrewery/catalyst/caql/function.go:467.17,469.4 1 0
github.com/SecurityBrewery/catalyst/caql/function.go:469.9,471.4 1 1
github.com/SecurityBrewery/catalyst/caql/function.go:472.14,473.39 1 1
github.com/SecurityBrewery/catalyst/caql/function.go:474.13,475.38 1 1
github.com/SecurityBrewery/catalyst/caql/function.go:476.17,477.44 1 1
github.com/SecurityBrewery/catalyst/caql/function.go:478.13,479.38 1 1
github.com/SecurityBrewery/catalyst/caql/function.go:480.14,481.39 1 1
github.com/SecurityBrewery/catalyst/caql/function.go:482.15,483.40 1 1
github.com/SecurityBrewery/catalyst/caql/function.go:484.13,486.13 2 1
github.com/SecurityBrewery/catalyst/caql/function.go:486.13,488.4 1 1
github.com/SecurityBrewery/catalyst/caql/function.go:488.9,490.4 1 1
github.com/SecurityBrewery/catalyst/caql/function.go:491.14,493.13 2 1
github.com/SecurityBrewery/catalyst/caql/function.go:493.13,495.4 1 1
github.com/SecurityBrewery/catalyst/caql/function.go:495.9,497.4 1 1
github.com/SecurityBrewery/catalyst/caql/function.go:498.15,500.13 2 1
github.com/SecurityBrewery/catalyst/caql/function.go:500.13,502.4 1 1
github.com/SecurityBrewery/catalyst/caql/function.go:502.9,504.4 1 1
github.com/SecurityBrewery/catalyst/caql/function.go:505.13,509.33 4 1
github.com/SecurityBrewery/catalyst/caql/function.go:509.33,510.22 1 1
github.com/SecurityBrewery/catalyst/caql/function.go:510.22,511.40 1 1
github.com/SecurityBrewery/catalyst/caql/function.go:511.40,514.6 2 1
github.com/SecurityBrewery/catalyst/caql/function.go:517.3,517.10 1 1
github.com/SecurityBrewery/catalyst/caql/function.go:517.10,519.4 1 1
github.com/SecurityBrewery/catalyst/caql/function.go:519.9,521.4 1 1
github.com/SecurityBrewery/catalyst/caql/function.go:522.16,525.33 3 1
github.com/SecurityBrewery/catalyst/caql/function.go:525.33,526.38 1 1
github.com/SecurityBrewery/catalyst/caql/function.go:526.38,528.5 1 1
github.com/SecurityBrewery/catalyst/caql/function.go:531.3,535.10 3 1
github.com/SecurityBrewery/catalyst/caql/function.go:536.26,537.15 1 0
github.com/SecurityBrewery/catalyst/caql/function.go:538.28,539.30 1 1
github.com/SecurityBrewery/catalyst/caql/function.go:540.11,541.59 1 1
github.com/SecurityBrewery/catalyst/caql/function.go:543.13,547.33 4 1
github.com/SecurityBrewery/catalyst/caql/function.go:547.33,548.22 1 1
github.com/SecurityBrewery/catalyst/caql/function.go:548.22,549.40 1 1
github.com/SecurityBrewery/catalyst/caql/function.go:549.40,552.6 2 1
github.com/SecurityBrewery/catalyst/caql/function.go:555.3,555.10 1 1
github.com/SecurityBrewery/catalyst/caql/function.go:555.10,557.4 1 1
github.com/SecurityBrewery/catalyst/caql/function.go:557.9,559.4 1 1
github.com/SecurityBrewery/catalyst/caql/function.go:561.12,562.18 1 1
github.com/SecurityBrewery/catalyst/caql/function.go:563.13,565.52 2 1
github.com/SecurityBrewery/catalyst/caql/function.go:566.17,569.33 3 1
github.com/SecurityBrewery/catalyst/caql/function.go:569.33,570.22 1 1
github.com/SecurityBrewery/catalyst/caql/function.go:570.22,572.5 1 1
github.com/SecurityBrewery/catalyst/caql/function.go:574.3,574.18 1 1
github.com/SecurityBrewery/catalyst/caql/function.go:575.17,576.44 1 1
github.com/SecurityBrewery/catalyst/caql/function.go:577.14,578.25 1 0
github.com/SecurityBrewery/catalyst/caql/function.go:579.15,582.36 3 1
github.com/SecurityBrewery/catalyst/caql/function.go:582.36,587.4 4 1
github.com/SecurityBrewery/catalyst/caql/function.go:587.9,592.4 4 1
github.com/SecurityBrewery/catalyst/caql/function.go:593.3,593.39 1 1
github.com/SecurityBrewery/catalyst/caql/function.go:593.39,595.4 1 1
github.com/SecurityBrewery/catalyst/caql/function.go:596.3,596.16 1 1
github.com/SecurityBrewery/catalyst/caql/function.go:597.15,600.27 3 1
github.com/SecurityBrewery/catalyst/caql/function.go:600.27,602.4 1 1
github.com/SecurityBrewery/catalyst/caql/function.go:602.9,604.4 1 1
github.com/SecurityBrewery/catalyst/caql/function.go:605.13,606.38 1 0
github.com/SecurityBrewery/catalyst/caql/function.go:607.14,608.39 1 1
github.com/SecurityBrewery/catalyst/caql/function.go:612.13,615.33 3 1
github.com/SecurityBrewery/catalyst/caql/function.go:615.33,617.4 1 1
github.com/SecurityBrewery/catalyst/caql/function.go:618.3,618.14 1 1
github.com/SecurityBrewery/catalyst/caql/function.go:619.13,620.38 1 1
github.com/SecurityBrewery/catalyst/caql/function.go:643.15,644.44 1 0
github.com/SecurityBrewery/catalyst/caql/function.go:668.15,669.44 1 0
github.com/SecurityBrewery/catalyst/caql/function.go:673.17,674.26 1 0
github.com/SecurityBrewery/catalyst/caql/function.go:675.19,676.28 1 0
github.com/SecurityBrewery/catalyst/caql/function.go:696.32,699.26 3 1
github.com/SecurityBrewery/catalyst/caql/function.go:699.26,701.10 2 1
github.com/SecurityBrewery/catalyst/caql/function.go:701.10,704.4 2 1
github.com/SecurityBrewery/catalyst/caql/function.go:707.2,707.17 1 1
github.com/SecurityBrewery/catalyst/caql/function.go:710.41,711.27 1 1
github.com/SecurityBrewery/catalyst/caql/function.go:711.27,712.13 1 1
github.com/SecurityBrewery/catalyst/caql/function.go:712.13,714.4 1 1
github.com/SecurityBrewery/catalyst/caql/function.go:717.2,717.14 1 1
github.com/SecurityBrewery/catalyst/caql/interpreter.go:19.38,21.2 1 1
github.com/SecurityBrewery/catalyst/caql/interpreter.go:24.40,27.14 2 1
github.com/SecurityBrewery/catalyst/caql/interpreter.go:27.14,31.3 2 0
github.com/SecurityBrewery/catalyst/caql/interpreter.go:34.2,36.8 2 1
github.com/SecurityBrewery/catalyst/caql/interpreter.go:39.49,43.2 2 1
github.com/SecurityBrewery/catalyst/caql/interpreter.go:46.72,47.9 1 1
github.com/SecurityBrewery/catalyst/caql/interpreter.go:48.34,48.34 0 1
github.com/SecurityBrewery/catalyst/caql/interpreter.go:50.30,50.30 0 1
github.com/SecurityBrewery/catalyst/caql/interpreter.go:52.35,52.35 0 1
github.com/SecurityBrewery/catalyst/caql/interpreter.go:55.27,56.30 1 1
github.com/SecurityBrewery/catalyst/caql/interpreter.go:57.28,58.31 1 1
github.com/SecurityBrewery/catalyst/caql/interpreter.go:59.28,60.31 1 1
github.com/SecurityBrewery/catalyst/caql/interpreter.go:61.26,62.29 1 1
github.com/SecurityBrewery/catalyst/caql/interpreter.go:63.26,64.29 1 1
github.com/SecurityBrewery/catalyst/caql/interpreter.go:65.28,66.34 1 1
github.com/SecurityBrewery/catalyst/caql/interpreter.go:67.50,68.28 1 1
github.com/SecurityBrewery/catalyst/caql/interpreter.go:69.50,70.28 1 1
github.com/SecurityBrewery/catalyst/caql/interpreter.go:71.50,72.28 1 1
github.com/SecurityBrewery/catalyst/caql/interpreter.go:73.50,74.28 1 1
github.com/SecurityBrewery/catalyst/caql/interpreter.go:75.50,76.43 1 1
github.com/SecurityBrewery/catalyst/caql/interpreter.go:77.50,78.28 1 1
github.com/SecurityBrewery/catalyst/caql/interpreter.go:79.50,80.28 1 1
github.com/SecurityBrewery/catalyst/caql/interpreter.go:81.51,83.73 2 1
github.com/SecurityBrewery/catalyst/caql/interpreter.go:84.51,86.80 2 1
github.com/SecurityBrewery/catalyst/caql/interpreter.go:87.52,89.74 2 1
github.com/SecurityBrewery/catalyst/caql/interpreter.go:90.69,92.39 2 0
github.com/SecurityBrewery/catalyst/caql/interpreter.go:93.69,95.46 2 0
github.com/SecurityBrewery/catalyst/caql/interpreter.go:96.70,98.40 2 0
github.com/SecurityBrewery/catalyst/caql/interpreter.go:99.27,102.27 3 1
github.com/SecurityBrewery/catalyst/caql/interpreter.go:103.34,106.27 3 1
github.com/SecurityBrewery/catalyst/caql/interpreter.go:107.38,110.27 3 1
github.com/SecurityBrewery/catalyst/caql/interpreter.go:111.26,112.29 1 1
github.com/SecurityBrewery/catalyst/caql/interpreter.go:113.25,114.28 1 1
github.com/SecurityBrewery/catalyst/caql/interpreter.go:115.64,117.39 2 1
github.com/SecurityBrewery/catalyst/caql/interpreter.go:118.64,120.36 2 1
github.com/SecurityBrewery/catalyst/caql/interpreter.go:121.10,122.30 1 0
github.com/SecurityBrewery/catalyst/caql/interpreter.go:126.50,127.16 1 1
github.com/SecurityBrewery/catalyst/caql/interpreter.go:127.16,129.3 1 1
github.com/SecurityBrewery/catalyst/caql/interpreter.go:133.80,135.9 2 1
github.com/SecurityBrewery/catalyst/caql/interpreter.go:136.27,137.26 1 1
github.com/SecurityBrewery/catalyst/caql/interpreter.go:138.28,139.27 1 1
github.com/SecurityBrewery/catalyst/caql/interpreter.go:140.26,141.25 1 1
github.com/SecurityBrewery/catalyst/caql/interpreter.go:142.10,143.64 1 0
github.com/SecurityBrewery/catalyst/caql/interpreter.go:148.70,149.9 1 1
github.com/SecurityBrewery/catalyst/caql/interpreter.go:150.24,153.63 2 1
github.com/SecurityBrewery/catalyst/caql/interpreter.go:154.29,155.45 1 1
github.com/SecurityBrewery/catalyst/caql/interpreter.go:156.35,156.35 0 1
github.com/SecurityBrewery/catalyst/caql/interpreter.go:158.34,158.34 0 1
github.com/SecurityBrewery/catalyst/caql/interpreter.go:160.27,160.27 0 1
github.com/SecurityBrewery/catalyst/caql/interpreter.go:162.33,166.33 3 1
github.com/SecurityBrewery/catalyst/caql/interpreter.go:166.33,168.17 2 1
github.com/SecurityBrewery/catalyst/caql/interpreter.go:168.17,170.5 1 1
github.com/SecurityBrewery/catalyst/caql/interpreter.go:172.4,174.10 2 1
github.com/SecurityBrewery/catalyst/caql/interpreter.go:177.3,177.51 1 1
github.com/SecurityBrewery/catalyst/caql/interpreter.go:178.10,179.60 1 0
github.com/SecurityBrewery/catalyst/caql/interpreter.go:184.79,186.2 0 1
github.com/SecurityBrewery/catalyst/caql/interpreter.go:189.78,191.2 1 1
github.com/SecurityBrewery/catalyst/caql/interpreter.go:194.78,195.9 1 1
github.com/SecurityBrewery/catalyst/caql/interpreter.go:196.36,199.13 3 1
github.com/SecurityBrewery/catalyst/caql/interpreter.go:200.26,203.10 2 1
github.com/SecurityBrewery/catalyst/caql/interpreter.go:204.52,207.24 3 1
github.com/SecurityBrewery/catalyst/caql/interpreter.go:208.52,211.24 3 1
github.com/SecurityBrewery/catalyst/caql/interpreter.go:212.11,215.22 3 1
github.com/SecurityBrewery/catalyst/caql/interpreter.go:217.28,220.12 3 1
github.com/SecurityBrewery/catalyst/caql/interpreter.go:221.27,222.14 1 1
github.com/SecurityBrewery/catalyst/caql/interpreter.go:223.27,224.15 1 1
github.com/SecurityBrewery/catalyst/caql/interpreter.go:225.28,226.16 1 1
github.com/SecurityBrewery/catalyst/caql/interpreter.go:227.10,228.60 1 0
github.com/SecurityBrewery/catalyst/caql/interpreter.go:233.62,235.32 2 1
github.com/SecurityBrewery/catalyst/caql/interpreter.go:235.32,238.3 1 1
github.com/SecurityBrewery/catalyst/caql/interpreter.go:239.2,239.15 1 1
github.com/SecurityBrewery/catalyst/caql/interpreter.go:243.64,245.36 2 1
github.com/SecurityBrewery/catalyst/caql/interpreter.go:245.36,249.3 2 1
github.com/SecurityBrewery/catalyst/caql/interpreter.go:250.2,250.16 1 1
github.com/SecurityBrewery/catalyst/caql/interpreter.go:254.80,255.9 1 1
github.com/SecurityBrewery/catalyst/caql/interpreter.go:256.29,258.34 2 0
github.com/SecurityBrewery/catalyst/caql/interpreter.go:259.67,263.16 3 1
github.com/SecurityBrewery/catalyst/caql/interpreter.go:264.10,265.60 1 0
github.com/SecurityBrewery/catalyst/caql/interpreter.go:270.90,271.9 1 1
github.com/SecurityBrewery/catalyst/caql/interpreter.go:272.29,273.35 1 1
github.com/SecurityBrewery/catalyst/caql/interpreter.go:274.36,276.17 2 1
github.com/SecurityBrewery/catalyst/caql/interpreter.go:276.17,278.4 1 0
github.com/SecurityBrewery/catalyst/caql/interpreter.go:279.3,279.13 1 1
github.com/SecurityBrewery/catalyst/caql/interpreter.go:280.10,281.60 1 0
github.com/SecurityBrewery/catalyst/caql/interpreter.go:285.56,287.9 2 1
github.com/SecurityBrewery/catalyst/caql/interpreter.go:287.9,289.3 1 1
github.com/SecurityBrewery/catalyst/caql/interpreter.go:291.2,291.10 1 1
github.com/SecurityBrewery/catalyst/caql/interpreter.go:294.59,295.24 1 1
github.com/SecurityBrewery/catalyst/caql/interpreter.go:295.24,297.3 1 1
github.com/SecurityBrewery/catalyst/caql/interpreter.go:299.2,299.10 1 1
github.com/SecurityBrewery/catalyst/caql/interpreter.go:302.54,303.19 1 1
github.com/SecurityBrewery/catalyst/caql/interpreter.go:304.28,305.12 1 1
github.com/SecurityBrewery/catalyst/caql/interpreter.go:306.28,307.12 1 1
github.com/SecurityBrewery/catalyst/caql/interpreter.go:308.28,309.12 1 1
github.com/SecurityBrewery/catalyst/caql/interpreter.go:310.28,311.12 1 1
github.com/SecurityBrewery/catalyst/caql/interpreter.go:312.28,313.12 1 1
github.com/SecurityBrewery/catalyst/caql/interpreter.go:314.28,315.12 1 1
github.com/SecurityBrewery/catalyst/caql/interpreter.go:316.28,317.12 1 1
github.com/SecurityBrewery/catalyst/caql/interpreter.go:318.10,319.30 1 0
github.com/SecurityBrewery/catalyst/caql/interpreter.go:323.62,324.26 1 1
github.com/SecurityBrewery/catalyst/caql/interpreter.go:324.26,325.19 1 1
github.com/SecurityBrewery/catalyst/caql/interpreter.go:325.19,327.4 1 1
github.com/SecurityBrewery/catalyst/caql/interpreter.go:330.2,330.13 1 1
github.com/SecurityBrewery/catalyst/caql/interpreter.go:333.69,334.26 1 1
github.com/SecurityBrewery/catalyst/caql/interpreter.go:334.26,335.18 1 1
github.com/SecurityBrewery/catalyst/caql/interpreter.go:335.18,337.4 1 1
github.com/SecurityBrewery/catalyst/caql/interpreter.go:340.2,340.14 1 1
github.com/SecurityBrewery/catalyst/caql/interpreter.go:343.63,344.26 1 1
github.com/SecurityBrewery/catalyst/caql/interpreter.go:344.26,345.18 1 1
github.com/SecurityBrewery/catalyst/caql/interpreter.go:345.18,347.4 1 1
github.com/SecurityBrewery/catalyst/caql/interpreter.go:350.2,350.13 1 1
github.com/SecurityBrewery/catalyst/caql/operations.go:13.30,14.18 1 1
github.com/SecurityBrewery/catalyst/caql/operations.go:14.18,16.3 1 1
github.com/SecurityBrewery/catalyst/caql/operations.go:18.2,18.14 1 1
github.com/SecurityBrewery/catalyst/caql/operations.go:21.31,22.19 1 1
github.com/SecurityBrewery/catalyst/caql/operations.go:22.19,24.3 1 1
github.com/SecurityBrewery/catalyst/caql/operations.go:26.2,26.14 1 1
github.com/SecurityBrewery/catalyst/caql/operations.go:29.25,30.23 1 1
github.com/SecurityBrewery/catalyst/caql/operations.go:31.11,32.15 1 1
github.com/SecurityBrewery/catalyst/caql/operations.go:33.12,34.11 1 1
github.com/SecurityBrewery/catalyst/caql/operations.go:35.11,36.16 1 0
github.com/SecurityBrewery/catalyst/caql/operations.go:37.15,38.16 1 1
github.com/SecurityBrewery/catalyst/caql/operations.go:39.14,40.17 1 0
github.com/SecurityBrewery/catalyst/caql/operations.go:41.13,42.14 1 0
github.com/SecurityBrewery/catalyst/caql/operations.go:43.22,44.14 1 0
github.com/SecurityBrewery/catalyst/caql/operations.go:45.10,46.34 1 0
github.com/SecurityBrewery/catalyst/caql/operations.go:52.36,54.2 1 1
github.com/SecurityBrewery/catalyst/caql/operations.go:56.37,58.2 1 1
github.com/SecurityBrewery/catalyst/caql/operations.go:60.37,62.2 1 1
github.com/SecurityBrewery/catalyst/caql/operations.go:64.31,66.2 1 1
github.com/SecurityBrewery/catalyst/caql/operations.go:68.35,70.12 2 1
github.com/SecurityBrewery/catalyst/caql/operations.go:70.12,72.3 1 1
github.com/SecurityBrewery/catalyst/caql/operations.go:74.2,74.34 1 1
github.com/SecurityBrewery/catalyst/caql/operations.go:77.35,79.2 1 1
github.com/SecurityBrewery/catalyst/caql/operations.go:81.30,82.23 1 1
github.com/SecurityBrewery/catalyst/caql/operations.go:83.11,84.11 1 1
github.com/SecurityBrewery/catalyst/caql/operations.go:85.12,86.8 1 1
github.com/SecurityBrewery/catalyst/caql/operations.go:86.8,88.4 1 1
github.com/SecurityBrewery/catalyst/caql/operations.go:90.3,90.11 1 1
github.com/SecurityBrewery/catalyst/caql/operations.go:91.15,92.10 1 1
github.com/SecurityBrewery/catalyst/caql/operations.go:93.22,94.12 1 0
github.com/SecurityBrewery/catalyst/caql/operations.go:95.25,96.12 1 0
github.com/SecurityBrewery/catalyst/caql/operations.go:99.3,99.11 1 1
github.com/SecurityBrewery/catalyst/caql/operations.go:100.14,102.17 2 1
github.com/SecurityBrewery/catalyst/caql/operations.go:102.17,104.4 1 1
github.com/SecurityBrewery/catalyst/caql/operations.go:106.3,106.11 1 1
github.com/SecurityBrewery/catalyst/caql/operations.go:107.13,108.18 1 1
github.com/SecurityBrewery/catalyst/caql/operations.go:108.18,110.4 1 1
github.com/SecurityBrewery/catalyst/caql/operations.go:111.3,111.18 1 1
github.com/SecurityBrewery/catalyst/caql/operations.go:111.18,113.4 1 1
github.com/SecurityBrewery/catalyst/caql/operations.go:115.3,115.11 1 1
github.com/SecurityBrewery/catalyst/caql/operations.go:116.22,117.11 1 1
github.com/SecurityBrewery/catalyst/caql/operations.go:118.10,119.35 1 0
github.com/SecurityBrewery/catalyst/caql/operations.go:126.31,128.21 2 1
github.com/SecurityBrewery/catalyst/caql/operations.go:128.21,130.3 1 1
github.com/SecurityBrewery/catalyst/caql/operations.go:131.2,131.26 1 1
github.com/SecurityBrewery/catalyst/caql/operations.go:132.11,133.14 1 1
github.com/SecurityBrewery/catalyst/caql/operations.go:134.29,135.23 1 1
github.com/SecurityBrewery/catalyst/caql/operations.go:136.13,139.20 3 0
github.com/SecurityBrewery/catalyst/caql/operations.go:139.20,141.4 1 0
github.com/SecurityBrewery/catalyst/caql/operations.go:142.3,142.28 1 0
github.com/SecurityBrewery/catalyst/caql/operations.go:142.28,145.18 3 0
github.com/SecurityBrewery/catalyst/caql/operations.go:145.18,147.5 1 0
github.com/SecurityBrewery/catalyst/caql/operations.go:148.4,148.19 1 0
github.com/SecurityBrewery/catalyst/caql/operations.go:148.19,150.5 1 0
github.com/SecurityBrewery/catalyst/caql/operations.go:152.4,152.20 1 0
github.com/SecurityBrewery/catalyst/caql/operations.go:152.20,154.5 1 0
github.com/SecurityBrewery/catalyst/caql/operations.go:157.3,157.14 1 0
github.com/SecurityBrewery/catalyst/caql/operations.go:158.22,161.35 2 1
github.com/SecurityBrewery/catalyst/caql/operations.go:161.35,164.28 3 1
github.com/SecurityBrewery/catalyst/caql/operations.go:164.28,166.5 1 1
github.com/SecurityBrewery/catalyst/caql/operations.go:167.4,167.29 1 1
github.com/SecurityBrewery/catalyst/caql/operations.go:167.29,169.5 1 1
github.com/SecurityBrewery/catalyst/caql/operations.go:171.4,171.20 1 1
github.com/SecurityBrewery/catalyst/caql/operations.go:171.20,173.5 1 1
github.com/SecurityBrewery/catalyst/caql/operations.go:176.3,176.14 1 1
github.com/SecurityBrewery/catalyst/caql/operations.go:177.10,178.24 1 0
github.com/SecurityBrewery/catalyst/caql/operations.go:182.31,184.2 1 1
github.com/SecurityBrewery/catalyst/caql/operations.go:186.31,188.21 2 1
github.com/SecurityBrewery/catalyst/caql/operations.go:188.21,190.3 1 1
github.com/SecurityBrewery/catalyst/caql/operations.go:191.2,191.26 1 1
github.com/SecurityBrewery/catalyst/caql/operations.go:192.11,193.15 1 0
github.com/SecurityBrewery/catalyst/caql/operations.go:194.12,195.39 1 1
github.com/SecurityBrewery/catalyst/caql/operations.go:196.11,197.25 1 0
github.com/SecurityBrewery/catalyst/caql/operations.go:198.15,199.29 1 1
github.com/SecurityBrewery/catalyst/caql/operations.go:200.14,201.28 1 1
github.com/SecurityBrewery/catalyst/caql/operations.go:202.13,205.20 3 1
github.com/SecurityBrewery/catalyst/caql/operations.go:205.20,207.4 1 1
github.com/SecurityBrewery/catalyst/caql/operations.go:208.3,208.28 1 1
github.com/SecurityBrewery/catalyst/caql/operations.go:208.28,211.18 3 1
github.com/SecurityBrewery/catalyst/caql/operations.go:211.18,213.5 1 1
github.com/SecurityBrewery/catalyst/caql/operations.go:214.4,214.19 1 1
github.com/SecurityBrewery/catalyst/caql/operations.go:214.19,216.5 1 1
github.com/SecurityBrewery/catalyst/caql/operations.go:218.4,218.20 1 1
github.com/SecurityBrewery/catalyst/caql/operations.go:218.20,220.5 1 1
github.com/SecurityBrewery/catalyst/caql/operations.go:223.3,223.15 1 0
github.com/SecurityBrewery/catalyst/caql/operations.go:224.22,227.35 2 1
github.com/SecurityBrewery/catalyst/caql/operations.go:227.35,230.28 3 1
github.com/SecurityBrewery/catalyst/caql/operations.go:230.28,232.5 1 1
github.com/SecurityBrewery/catalyst/caql/operations.go:233.4,233.29 1 1
github.com/SecurityBrewery/catalyst/caql/operations.go:233.29,235.5 1 1
github.com/SecurityBrewery/catalyst/caql/operations.go:237.4,237.20 1 1
github.com/SecurityBrewery/catalyst/caql/operations.go:237.20,239.5 1 1
github.com/SecurityBrewery/catalyst/caql/operations.go:242.3,242.15 1 0
github.com/SecurityBrewery/catalyst/caql/operations.go:243.10,244.24 1 0
github.com/SecurityBrewery/catalyst/caql/operations.go:248.57,251.44 3 1
github.com/SecurityBrewery/catalyst/caql/operations.go:251.44,252.20 1 1
github.com/SecurityBrewery/catalyst/caql/operations.go:252.20,253.29 1 1
github.com/SecurityBrewery/catalyst/caql/operations.go:253.29,256.5 2 1
github.com/SecurityBrewery/catalyst/caql/operations.go:259.2,261.13 2 1
github.com/SecurityBrewery/catalyst/caql/operations.go:264.31,266.21 2 1
github.com/SecurityBrewery/catalyst/caql/operations.go:266.21,268.3 1 0
github.com/SecurityBrewery/catalyst/caql/operations.go:269.2,269.26 1 1
github.com/SecurityBrewery/catalyst/caql/operations.go:270.11,271.15 1 0
github.com/SecurityBrewery/catalyst/caql/operations.go:272.12,273.39 1 0
github.com/SecurityBrewery/catalyst/caql/operations.go:274.11,275.25 1 0
github.com/SecurityBrewery/catalyst/caql/operations.go:276.15,277.29 1 1
github.com/SecurityBrewery/catalyst/caql/operations.go:278.14,279.28 1 0
github.com/SecurityBrewery/catalyst/caql/operations.go:280.13,283.20 3 0
github.com/SecurityBrewery/catalyst/caql/operations.go:283.20,285.4 1 0
github.com/SecurityBrewery/catalyst/caql/operations.go:286.3,286.28 1 0
github.com/SecurityBrewery/catalyst/caql/operations.go:286.28,289.18 3 0
github.com/SecurityBrewery/catalyst/caql/operations.go:289.18,291.5 1 0
github.com/SecurityBrewery/catalyst/caql/operations.go:292.4,292.19 1 0
github.com/SecurityBrewery/catalyst/caql/operations.go:292.19,294.5 1 0
github.com/SecurityBrewery/catalyst/caql/operations.go:296.4,296.20 1 0
github.com/SecurityBrewery/catalyst/caql/operations.go:296.20,298.5 1 0
github.com/SecurityBrewery/catalyst/caql/operations.go:301.3,301.15 1 0
github.com/SecurityBrewery/catalyst/caql/operations.go:302.22,305.35 2 0
github.com/SecurityBrewery/catalyst/caql/operations.go:305.35,308.28 3 0
github.com/SecurityBrewery/catalyst/caql/operations.go:308.28,310.5 1 0
github.com/SecurityBrewery/catalyst/caql/operations.go:311.4,311.29 1 0
github.com/SecurityBrewery/catalyst/caql/operations.go:311.29,313.5 1 0
github.com/SecurityBrewery/catalyst/caql/operations.go:315.4,315.20 1 0
github.com/SecurityBrewery/catalyst/caql/operations.go:315.20,317.5 1 0
github.com/SecurityBrewery/catalyst/caql/operations.go:320.3,320.15 1 0
github.com/SecurityBrewery/catalyst/caql/operations.go:321.10,322.24 1 0
github.com/SecurityBrewery/catalyst/caql/operations.go:326.31,328.21 2 1
github.com/SecurityBrewery/catalyst/caql/operations.go:328.21,330.3 1 1
github.com/SecurityBrewery/catalyst/caql/operations.go:331.2,331.26 1 1
github.com/SecurityBrewery/catalyst/caql/operations.go:332.11,333.15 1 0
github.com/SecurityBrewery/catalyst/caql/operations.go:334.12,335.40 1 0
github.com/SecurityBrewery/catalyst/caql/operations.go:336.11,337.26 1 0
github.com/SecurityBrewery/catalyst/caql/operations.go:338.15,339.30 1 1
github.com/SecurityBrewery/catalyst/caql/operations.go:340.14,341.29 1 0
github.com/SecurityBrewery/catalyst/caql/operations.go:342.13,345.20 3 0
github.com/SecurityBrewery/catalyst/caql/operations.go:345.20,347.4 1 0
github.com/SecurityBrewery/catalyst/caql/operations.go:348.3,348.28 1 0
github.com/SecurityBrewery/catalyst/caql/operations.go:348.28,351.18 3 0
github.com/SecurityBrewery/catalyst/caql/operations.go:351.18,353.5 1 0
github.com/SecurityBrewery/catalyst/caql/operations.go:354.4,354.19 1 0
github.com/SecurityBrewery/catalyst/caql/operations.go:354.19,356.5 1 0
github.com/SecurityBrewery/catalyst/caql/operations.go:358.4,358.20 1 0
github.com/SecurityBrewery/catalyst/caql/operations.go:358.20,360.5 1 0
github.com/SecurityBrewery/catalyst/caql/operations.go:363.3,363.14 1 0
github.com/SecurityBrewery/catalyst/caql/operations.go:364.22,367.35 2 0
github.com/SecurityBrewery/catalyst/caql/operations.go:367.35,370.28 3 0
github.com/SecurityBrewery/catalyst/caql/operations.go:370.28,372.5 1 0
github.com/SecurityBrewery/catalyst/caql/operations.go:373.4,373.29 1 0
github.com/SecurityBrewery/catalyst/caql/operations.go:373.29,375.5 1 0
github.com/SecurityBrewery/catalyst/caql/operations.go:377.4,377.20 1 0
github.com/SecurityBrewery/catalyst/caql/operations.go:377.20,379.5 1 0
github.com/SecurityBrewery/catalyst/caql/operations.go:382.3,382.14 1 0
github.com/SecurityBrewery/catalyst/caql/operations.go:383.10,384.24 1 0
github.com/SecurityBrewery/catalyst/caql/operations.go:388.31,390.21 2 1
github.com/SecurityBrewery/catalyst/caql/operations.go:390.21,392.3 1 0
github.com/SecurityBrewery/catalyst/caql/operations.go:393.2,393.26 1 1
github.com/SecurityBrewery/catalyst/caql/operations.go:394.11,395.15 1 0
github.com/SecurityBrewery/catalyst/caql/operations.go:396.12,397.40 1 0
github.com/SecurityBrewery/catalyst/caql/operations.go:398.11,399.26 1 0
github.com/SecurityBrewery/catalyst/caql/operations.go:400.15,401.30 1 1
github.com/SecurityBrewery/catalyst/caql/operations.go:402.14,403.29 1 0
github.com/SecurityBrewery/catalyst/caql/operations.go:404.13,407.20 3 0
github.com/SecurityBrewery/catalyst/caql/operations.go:407.20,409.4 1 0
github.com/SecurityBrewery/catalyst/caql/operations.go:410.3,410.28 1 0
github.com/SecurityBrewery/catalyst/caql/operations.go:410.28,413.18 3 0
github.com/SecurityBrewery/catalyst/caql/operations.go:413.18,415.5 1 0
github.com/SecurityBrewery/catalyst/caql/operations.go:416.4,416.19 1 0
github.com/SecurityBrewery/catalyst/caql/operations.go:416.19,418.5 1 0
github.com/SecurityBrewery/catalyst/caql/operations.go:420.4,420.20 1 0
github.com/SecurityBrewery/catalyst/caql/operations.go:420.20,422.5 1 0
github.com/SecurityBrewery/catalyst/caql/operations.go:425.3,425.14 1 0
github.com/SecurityBrewery/catalyst/caql/operations.go:426.22,429.35 2 0
github.com/SecurityBrewery/catalyst/caql/operations.go:429.35,432.28 3 0
github.com/SecurityBrewery/catalyst/caql/operations.go:432.28,434.5 1 0
github.com/SecurityBrewery/catalyst/caql/operations.go:435.4,435.29 1 0
github.com/SecurityBrewery/catalyst/caql/operations.go:435.29,437.5 1 0
github.com/SecurityBrewery/catalyst/caql/operations.go:439.4,439.20 1 0
github.com/SecurityBrewery/catalyst/caql/operations.go:439.20,441.5 1 0
github.com/SecurityBrewery/catalyst/caql/operations.go:444.3,444.14 1 0
github.com/SecurityBrewery/catalyst/caql/operations.go:445.10,446.24 1 0
github.com/SecurityBrewery/catalyst/caql/operations.go:450.31,452.9 2 1
github.com/SecurityBrewery/catalyst/caql/operations.go:452.9,454.3 1 1
github.com/SecurityBrewery/catalyst/caql/operations.go:455.2,455.22 1 1
github.com/SecurityBrewery/catalyst/caql/operations.go:455.22,456.16 1 1
github.com/SecurityBrewery/catalyst/caql/operations.go:456.16,458.4 1 1
github.com/SecurityBrewery/catalyst/caql/operations.go:461.2,461.14 1 1
github.com/SecurityBrewery/catalyst/caql/operations.go:464.42,466.2 1 1
github.com/SecurityBrewery/catalyst/caql/operations.go:468.48,470.2 1 1
github.com/SecurityBrewery/catalyst/caql/operations.go:472.51,476.2 2 1
github.com/SecurityBrewery/catalyst/caql/operations.go:478.27,479.18 1 1
github.com/SecurityBrewery/catalyst/caql/operations.go:480.11,481.11 1 1
github.com/SecurityBrewery/catalyst/caql/operations.go:482.12,483.11 1 1
github.com/SecurityBrewery/catalyst/caql/operations.go:484.20,485.11 1 1
github.com/SecurityBrewery/catalyst/caql/operations.go:486.14,487.11 1 1
github.com/SecurityBrewery/catalyst/caql/operations.go:488.13,489.11 1 1
github.com/SecurityBrewery/catalyst/caql/operations.go:490.22,491.11 1 1
github.com/SecurityBrewery/catalyst/caql/operations.go:492.10,493.24 1 0
github.com/SecurityBrewery/catalyst/caql/operations.go:499.43,500.18 1 1
github.com/SecurityBrewery/catalyst/caql/operations.go:500.18,501.20 1 1
github.com/SecurityBrewery/catalyst/caql/operations.go:501.20,503.4 1 1
github.com/SecurityBrewery/catalyst/caql/operations.go:505.3,505.14 1 0
github.com/SecurityBrewery/catalyst/caql/operations.go:508.2,508.14 1 1
github.com/SecurityBrewery/catalyst/caql/operations.go:513.42,515.63 2 1
github.com/SecurityBrewery/catalyst/caql/operations.go:515.63,517.3 1 1
github.com/SecurityBrewery/catalyst/caql/operations.go:519.2,519.10 1 1
github.com/SecurityBrewery/catalyst/caql/parser.go:18.57,19.15 1 1
github.com/SecurityBrewery/catalyst/caql/parser.go:19.15,20.31 1 1
github.com/SecurityBrewery/catalyst/caql/parser.go:20.31,22.4 1 1
github.com/SecurityBrewery/catalyst/caql/parser.go:25.2,41.31 11 1
github.com/SecurityBrewery/catalyst/caql/parser.go:41.31,43.3 1 0
github.com/SecurityBrewery/catalyst/caql/parser.go:45.2,45.114 1 1
github.com/SecurityBrewery/catalyst/caql/parser.go:55.63,56.15 1 1
github.com/SecurityBrewery/catalyst/caql/parser.go:56.15,57.31 1 1
github.com/SecurityBrewery/catalyst/caql/parser.go:57.31,59.4 1 1
github.com/SecurityBrewery/catalyst/caql/parser.go:61.2,65.29 3 1
github.com/SecurityBrewery/catalyst/caql/parser.go:65.29,67.3 1 1
github.com/SecurityBrewery/catalyst/caql/parser.go:69.2,69.34 1 1
github.com/SecurityBrewery/catalyst/caql/parser.go:72.47,73.15 1 1
github.com/SecurityBrewery/catalyst/caql/parser.go:73.15,74.31 1 1
github.com/SecurityBrewery/catalyst/caql/parser.go:74.31,76.4 1 1
github.com/SecurityBrewery/catalyst/caql/parser.go:78.2,82.30 3 1
github.com/SecurityBrewery/catalyst/caql/parser.go:85.52,86.15 1 1
github.com/SecurityBrewery/catalyst/caql/parser.go:86.15,87.31 1 1
github.com/SecurityBrewery/catalyst/caql/parser.go:87.31,89.4 1 0
github.com/SecurityBrewery/catalyst/caql/parser.go:91.2,95.24 3 1
github.com/SecurityBrewery/catalyst/caql/parser.go:95.24,97.3 1 1
github.com/SecurityBrewery/catalyst/caql/parser.go:99.2,99.30 1 1
github.com/SecurityBrewery/catalyst/caql/parser.go:107.125,109.2 1 1
github.com/SecurityBrewery/catalyst/caql/parser.go:111.129,113.2 1 1
github.com/SecurityBrewery/catalyst/caql/parser.go:115.133,117.2 1 1
github.com/SecurityBrewery/catalyst/caql/parser.go:119.116,121.2 1 1
github.com/SecurityBrewery/catalyst/caql/set.go:35.34,38.28 2 1
github.com/SecurityBrewery/catalyst/caql/set.go:38.28,40.3 1 1
github.com/SecurityBrewery/catalyst/caql/set.go:42.2,42.10 1 1
github.com/SecurityBrewery/catalyst/caql/set.go:45.41,48.24 2 1
github.com/SecurityBrewery/catalyst/caql/set.go:48.24,49.40 1 1
github.com/SecurityBrewery/catalyst/caql/set.go:49.40,51.4 1 1
github.com/SecurityBrewery/catalyst/caql/set.go:54.2,54.16 1 1
github.com/SecurityBrewery/catalyst/caql/set.go:57.37,61.2 2 1
github.com/SecurityBrewery/catalyst/caql/set.go:63.35,65.2 1 1
github.com/SecurityBrewery/catalyst/caql/set.go:67.43,70.24 2 1
github.com/SecurityBrewery/catalyst/caql/set.go:70.24,71.39 1 1
github.com/SecurityBrewery/catalyst/caql/set.go:71.39,73.4 1 1
github.com/SecurityBrewery/catalyst/caql/set.go:76.2,76.16 1 1
github.com/SecurityBrewery/catalyst/caql/set.go:79.25,81.2 1 1
github.com/SecurityBrewery/catalyst/caql/set.go:83.45,85.2 1 1
github.com/SecurityBrewery/catalyst/caql/set.go:87.35,89.2 1 1
github.com/SecurityBrewery/catalyst/caql/set.go:91.36,93.24 2 1
github.com/SecurityBrewery/catalyst/caql/set.go:93.24,95.3 1 1
github.com/SecurityBrewery/catalyst/caql/set.go:97.2,97.33 1 1
github.com/SecurityBrewery/catalyst/caql/set.go:97.33,99.3 1 1
github.com/SecurityBrewery/catalyst/caql/set.go:101.2,101.16 1 1
github.com/SecurityBrewery/catalyst/caql/set.go:104.39,105.25 1 1
github.com/SecurityBrewery/catalyst/caql/set.go:105.25,107.3 1 0
github.com/SecurityBrewery/catalyst/caql/set.go:108.2,108.24 1 1
github.com/SecurityBrewery/catalyst/caql/set.go:108.24,109.40 1 1
github.com/SecurityBrewery/catalyst/caql/set.go:109.40,111.4 1 0
github.com/SecurityBrewery/catalyst/caql/set.go:114.2,114.13 1 1
github.com/SecurityBrewery/catalyst/caql/set.go:117.36,120.24 2 1
github.com/SecurityBrewery/catalyst/caql/set.go:120.24,122.3 1 1
github.com/SecurityBrewery/catalyst/caql/set.go:123.2,123.26 1 1
github.com/SecurityBrewery/catalyst/caql/set.go:123.26,125.3 1 1
github.com/SecurityBrewery/catalyst/caql/set.go:127.2,127.16 1 1
github.com/SecurityBrewery/catalyst/caql/set.go:130.30,133.24 2 1
github.com/SecurityBrewery/catalyst/caql/set.go:133.24,135.3 1 1
github.com/SecurityBrewery/catalyst/caql/set.go:136.2,136.41 1 1
github.com/SecurityBrewery/catalyst/caql/set.go:136.41,136.76 1 1
github.com/SecurityBrewery/catalyst/caql/set.go:138.2,138.15 1 1
github.com/SecurityBrewery/catalyst/caql/unquote.go:19.40,21.11 2 1
github.com/SecurityBrewery/catalyst/caql/unquote.go:21.11,23.3 1 1
github.com/SecurityBrewery/catalyst/caql/unquote.go:24.2,25.21 2 1
github.com/SecurityBrewery/catalyst/caql/unquote.go:25.21,27.3 1 1
github.com/SecurityBrewery/catalyst/caql/unquote.go:28.2,30.18 2 1
github.com/SecurityBrewery/catalyst/caql/unquote.go:30.18,31.35 1 1
github.com/SecurityBrewery/catalyst/caql/unquote.go:31.35,33.4 1 0
github.com/SecurityBrewery/catalyst/caql/unquote.go:34.3,34.36 1 1
github.com/SecurityBrewery/catalyst/caql/unquote.go:34.36,37.32 2 1
github.com/SecurityBrewery/catalyst/caql/unquote.go:37.32,38.21 1 1
github.com/SecurityBrewery/catalyst/caql/unquote.go:38.21,40.6 1 1
github.com/SecurityBrewery/catalyst/caql/unquote.go:43.4,43.27 1 1
github.com/SecurityBrewery/catalyst/caql/unquote.go:46.3,46.16 1 1
github.com/SecurityBrewery/catalyst/caql/unquote.go:48.2,48.35 1 1
github.com/SecurityBrewery/catalyst/caql/unquote.go:48.35,50.3 1 1
github.com/SecurityBrewery/catalyst/caql/unquote.go:51.2,51.35 1 1
github.com/SecurityBrewery/catalyst/caql/unquote.go:51.35,53.3 1 1
github.com/SecurityBrewery/catalyst/caql/unquote.go:56.2,56.77 1 1
github.com/SecurityBrewery/catalyst/caql/unquote.go:56.77,57.16 1 1
github.com/SecurityBrewery/catalyst/caql/unquote.go:58.18,59.27 1 1
github.com/SecurityBrewery/catalyst/caql/unquote.go:59.27,61.5 1 1
github.com/SecurityBrewery/catalyst/caql/unquote.go:65.2,67.17 3 1
github.com/SecurityBrewery/catalyst/caql/unquote.go:67.17,69.17 2 1
github.com/SecurityBrewery/catalyst/caql/unquote.go:69.17,71.4 1 1
github.com/SecurityBrewery/catalyst/caql/unquote.go:72.3,73.38 2 1
github.com/SecurityBrewery/catalyst/caql/unquote.go:73.38,75.4 1 1
github.com/SecurityBrewery/catalyst/caql/unquote.go:75.9,78.4 2 1
github.com/SecurityBrewery/catalyst/caql/unquote.go:81.2,81.25 1 1
github.com/SecurityBrewery/catalyst/caql/wildcard.go:33.60,35.23 1 1
github.com/SecurityBrewery/catalyst/caql/wildcard.go:35.23,39.26 4 1
github.com/SecurityBrewery/catalyst/caql/wildcard.go:39.26,42.4 1 1
github.com/SecurityBrewery/catalyst/caql/wildcard.go:44.3,48.46 2 1
github.com/SecurityBrewery/catalyst/caql/wildcard.go:48.46,51.12 2 1
github.com/SecurityBrewery/catalyst/caql/wildcard.go:53.3,53.17 1 1
github.com/SecurityBrewery/catalyst/caql/wildcard.go:53.17,55.4 1 1
github.com/SecurityBrewery/catalyst/caql/wildcard.go:56.3,56.11 1 1
github.com/SecurityBrewery/catalyst/caql/wildcard.go:56.11,59.53 1 1
github.com/SecurityBrewery/catalyst/caql/wildcard.go:59.53,61.11 2 1
github.com/SecurityBrewery/catalyst/caql/wildcard.go:61.11,63.41 1 1
github.com/SecurityBrewery/catalyst/caql/wildcard.go:63.41,64.15 1 1
github.com/SecurityBrewery/catalyst/caql/wildcard.go:66.6,68.22 2 1
github.com/SecurityBrewery/catalyst/caql/wildcard.go:70.5,70.19 1 1
github.com/SecurityBrewery/catalyst/caql/wildcard.go:70.19,72.6 1 0
github.com/SecurityBrewery/catalyst/caql/wildcard.go:77.3,77.24 1 1
github.com/SecurityBrewery/catalyst/caql/wildcard.go:77.24,79.54 2 0
github.com/SecurityBrewery/catalyst/caql/wildcard.go:79.54,81.5 1 0
github.com/SecurityBrewery/catalyst/caql/wildcard.go:84.3,84.20 1 1
github.com/SecurityBrewery/catalyst/caql/wildcard.go:87.2,87.28 1 1
github.com/SecurityBrewery/catalyst/caql/wildcard.go:92.64,93.44 1 1
github.com/SecurityBrewery/catalyst/caql/wildcard.go:93.44,96.3 2 1
github.com/SecurityBrewery/catalyst/caql/wildcard.go:97.2,99.35 2 1
github.com/SecurityBrewery/catalyst/caql/wildcard.go:99.35,100.21 1 1
github.com/SecurityBrewery/catalyst/caql/wildcard.go:101.13,103.26 1 1
github.com/SecurityBrewery/catalyst/caql/wildcard.go:103.26,105.5 1 1
github.com/SecurityBrewery/catalyst/caql/wildcard.go:106.12,107.14 1 1
github.com/SecurityBrewery/catalyst/caql/wildcard.go:111.2,111.40 1 1
github.com/SecurityBrewery/catalyst/caql/wildcard.go:117.68,122.21 2 1
github.com/SecurityBrewery/catalyst/caql/wildcard.go:122.21,123.29 1 1
github.com/SecurityBrewery/catalyst/caql/wildcard.go:123.29,125.4 1 1
github.com/SecurityBrewery/catalyst/caql/wildcard.go:126.3,126.19 1 1
github.com/SecurityBrewery/catalyst/caql/wildcard.go:127.12,128.15 1 1
github.com/SecurityBrewery/catalyst/caql/wildcard.go:128.15,129.20 1 1
github.com/SecurityBrewery/catalyst/caql/wildcard.go:129.20,131.6 1 1
github.com/SecurityBrewery/catalyst/caql/wildcard.go:132.5,133.14 2 1
github.com/SecurityBrewery/catalyst/caql/wildcard.go:135.4,135.21 1 1
github.com/SecurityBrewery/catalyst/caql/wildcard.go:136.13,138.23 2 1
github.com/SecurityBrewery/catalyst/caql/wildcard.go:138.23,140.5 1 1
github.com/SecurityBrewery/catalyst/caql/wildcard.go:142.4,142.15 1 1
github.com/SecurityBrewery/catalyst/caql/wildcard.go:143.11,144.15 1 1
github.com/SecurityBrewery/catalyst/caql/wildcard.go:144.15,145.25 1 1
github.com/SecurityBrewery/catalyst/caql/wildcard.go:145.25,147.6 1 1
github.com/SecurityBrewery/catalyst/caql/wildcard.go:148.5,148.14 1 1
github.com/SecurityBrewery/catalyst/caql/wildcard.go:150.4,150.21 1 1
github.com/SecurityBrewery/catalyst/caql/wildcard.go:153.2,153.12 1 1
github.com/SecurityBrewery/catalyst/caql/wildcard.go:153.12,155.3 1 1
github.com/SecurityBrewery/catalyst/caql/wildcard.go:157.2,157.21 1 1
github.com/SecurityBrewery/catalyst/generated/caql/parser/caql_lexer.go:38.27,420.48 14 1
github.com/SecurityBrewery/catalyst/generated/caql/parser/caql_lexer.go:420.48,422.3 1 1
github.com/SecurityBrewery/catalyst/generated/caql/parser/caql_lexer.go:429.22,432.2 2 1
github.com/SecurityBrewery/catalyst/generated/caql/parser/caql_lexer.go:435.54,450.2 12 1
github.com/SecurityBrewery/catalyst/generated/caql/parser/caql_parser.go:33.29,154.48 12 1
github.com/SecurityBrewery/catalyst/generated/caql/parser/caql_parser.go:154.48,156.3 1 1
github.com/SecurityBrewery/catalyst/generated/caql/parser/caql_parser.go:163.23,166.2 2 1
github.com/SecurityBrewery/catalyst/generated/caql/parser/caql_parser.go:169.57,181.2 10 1
github.com/SecurityBrewery/catalyst/generated/caql/parser/caql_parser.go:297.43,302.2 4 0
github.com/SecurityBrewery/catalyst/generated/caql/parser/caql_parser.go:304.40,304.41 0 0
github.com/SecurityBrewery/catalyst/generated/caql/parser/caql_parser.go:306.108,315.2 5 1
github.com/SecurityBrewery/catalyst/generated/caql/parser/caql_parser.go:317.49,317.68 1 0
github.com/SecurityBrewery/catalyst/generated/caql/parser/caql_parser.go:319.56,321.38 2 0
github.com/SecurityBrewery/catalyst/generated/caql/parser/caql_parser.go:321.38,322.44 1 0
github.com/SecurityBrewery/catalyst/generated/caql/parser/caql_parser.go:322.44,324.9 2 0
github.com/SecurityBrewery/catalyst/generated/caql/parser/caql_parser.go:328.2,328.14 1 0
github.com/SecurityBrewery/catalyst/generated/caql/parser/caql_parser.go:328.14,330.3 1 0
github.com/SecurityBrewery/catalyst/generated/caql/parser/caql_parser.go:332.2,332.31 1 0
github.com/SecurityBrewery/catalyst/generated/caql/parser/caql_parser.go:335.49,337.2 1 0
github.com/SecurityBrewery/catalyst/generated/caql/parser/caql_parser.go:339.59,341.2 1 1
github.com/SecurityBrewery/catalyst/generated/caql/parser/caql_parser.go:343.88,345.2 1 0
github.com/SecurityBrewery/catalyst/generated/caql/parser/caql_parser.go:347.68,348.56 1 1
github.com/SecurityBrewery/catalyst/generated/caql/parser/caql_parser.go:348.56,350.3 1 1
github.com/SecurityBrewery/catalyst/generated/caql/parser/caql_parser.go:353.67,354.56 1 1
github.com/SecurityBrewery/catalyst/generated/caql/parser/caql_parser.go:354.56,356.3 1 1
github.com/SecurityBrewery/catalyst/generated/caql/parser/caql_parser.go:359.55,366.15 5 1
github.com/SecurityBrewery/catalyst/generated/caql/parser/caql_parser.go:366.15,368.3 1 1
github.com/SecurityBrewery/catalyst/generated/caql/parser/caql_parser.go:370.2,370.15 1 1
github.com/SecurityBrewery/catalyst/generated/caql/parser/caql_parser.go:370.15,371.35 1 1
github.com/SecurityBrewery/catalyst/generated/caql/parser/caql_parser.go:371.35,372.53 1 1
github.com/SecurityBrewery/catalyst/generated/caql/parser/caql_parser.go:372.53,376.5 3 0
github.com/SecurityBrewery/catalyst/generated/caql/parser/caql_parser.go:376.10,377.15 1 1
github.com/SecurityBrewery/catalyst/generated/caql/parser/caql_parser.go:382.2,383.2 2 1
github.com/SecurityBrewery/catalyst/generated/caql/parser/caql_parser.go:383.2,386.3 2 1
github.com/SecurityBrewery/catalyst/generated/caql/parser/caql_parser.go:387.2,390.3 2 1
github.com/SecurityBrewery/catalyst/generated/caql/parser/caql_parser.go:392.2,392.17 1 1
github.com/SecurityBrewery/catalyst/generated/caql/parser/caql_parser.go:418.53,423.2 4 0
github.com/SecurityBrewery/catalyst/generated/caql/parser/caql_parser.go:425.50,425.51 0 0
github.com/SecurityBrewery/catalyst/generated/caql/parser/caql_parser.go:427.118,436.2 5 1
github.com/SecurityBrewery/catalyst/generated/caql/parser/caql_parser.go:438.54,438.73 1 0
github.com/SecurityBrewery/catalyst/generated/caql/parser/caql_parser.go:440.52,440.70 1 1
github.com/SecurityBrewery/catalyst/generated/caql/parser/caql_parser.go:442.53,442.68 1 0
github.com/SecurityBrewery/catalyst/generated/caql/parser/caql_parser.go:444.67,446.38 2 1
github.com/SecurityBrewery/catalyst/generated/caql/parser/caql_parser.go:446.38,447.47 1 1
github.com/SecurityBrewery/catalyst/generated/caql/parser/caql_parser.go:447.47,449.9 2 1
github.com/SecurityBrewery/catalyst/generated/caql/parser/caql_parser.go:453.2,453.14 1 1
github.com/SecurityBrewery/catalyst/generated/caql/parser/caql_parser.go:453.14,455.3 1 1
github.com/SecurityBrewery/catalyst/generated/caql/parser/caql_parser.go:457.2,457.34 1 1
github.com/SecurityBrewery/catalyst/generated/caql/parser/caql_parser.go:460.59,462.38 2 1
github.com/SecurityBrewery/catalyst/generated/caql/parser/caql_parser.go:462.38,463.43 1 1
github.com/SecurityBrewery/catalyst/generated/caql/parser/caql_parser.go:463.43,465.9 2 1
github.com/SecurityBrewery/catalyst/generated/caql/parser/caql_parser.go:469.2,469.14 1 1
github.com/SecurityBrewery/catalyst/generated/caql/parser/caql_parser.go:469.14,471.3 1 1
github.com/SecurityBrewery/catalyst/generated/caql/parser/caql_parser.go:473.2,473.30 1 1
github.com/SecurityBrewery/catalyst/generated/caql/parser/caql_parser.go:476.69,478.38 2 1
github.com/SecurityBrewery/catalyst/generated/caql/parser/caql_parser.go:478.38,479.48 1 1
github.com/SecurityBrewery/catalyst/generated/caql/parser/caql_parser.go:479.48,481.9 2 1
github.com/SecurityBrewery/catalyst/generated/caql/parser/caql_parser.go:485.2,485.14 1 1
github.com/SecurityBrewery/catalyst/generated/caql/parser/caql_parser.go:485.14,487.3 1 1
github.com/SecurityBrewery/catalyst/generated/caql/parser/caql_parser.go:489.2,489.35 1 1
github.com/SecurityBrewery/catalyst/generated/caql/parser/caql_parser.go:492.66,495.31 3 1
github.com/SecurityBrewery/catalyst/generated/caql/parser/caql_parser.go:495.31,496.44 1 1
github.com/SecurityBrewery/catalyst/generated/caql/parser/caql_parser.go:496.44,498.4 1 1
github.com/SecurityBrewery/catalyst/generated/caql/parser/caql_parser.go:501.2,503.31 3 1
github.com/SecurityBrewery/catalyst/generated/caql/parser/caql_parser.go:503.31,504.44 1 1
github.com/SecurityBrewery/catalyst/generated/caql/parser/caql_parser.go:504.44,507.4 2 1
github.com/SecurityBrewery/catalyst/generated/caql/parser/caql_parser.go:510.2,510.12 1 1
github.com/SecurityBrewery/catalyst/generated/caql/parser/caql_parser.go:513.66,516.38 3 0
github.com/SecurityBrewery/catalyst/generated/caql/parser/caql_parser.go:516.38,517.44 1 0
github.com/SecurityBrewery/catalyst/generated/caql/parser/caql_parser.go:517.44,518.14 1 0
github.com/SecurityBrewery/catalyst/generated/caql/parser/caql_parser.go:518.14,520.10 2 0
github.com/SecurityBrewery/catalyst/generated/caql/parser/caql_parser.go:522.4,522.7 1 0
github.com/SecurityBrewery/catalyst/generated/caql/parser/caql_parser.go:526.2,526.14 1 0
github.com/SecurityBrewery/catalyst/generated/caql/parser/caql_parser.go:526.14,528.3 1 0
github.com/SecurityBrewery/catalyst/generated/caql/parser/caql_parser.go:530.2,530.31 1 0
github.com/SecurityBrewery/catalyst/generated/caql/parser/caql_parser.go:533.57,535.2 1 1
github.com/SecurityBrewery/catalyst/generated/caql/parser/caql_parser.go:537.58,539.2 1 1
github.com/SecurityBrewery/catalyst/generated/caql/parser/caql_parser.go:541.58,543.2 1 1
github.com/SecurityBrewery/catalyst/generated/caql/parser/caql_parser.go:545.56,547.2 1 1
github.com/SecurityBrewery/catalyst/generated/caql/parser/caql_parser.go:549.56,551.2 1 1
github.com/SecurityBrewery/catalyst/generated/caql/parser/caql_parser.go:553.58,555.2 1 1
github.com/SecurityBrewery/catalyst/generated/caql/parser/caql_parser.go:557.55,559.2 1 1
github.com/SecurityBrewery/catalyst/generated/caql/parser/caql_parser.go:561.55,563.2 1 1
github.com/SecurityBrewery/catalyst/generated/caql/parser/caql_parser.go:565.55,567.2 1 1
github.com/SecurityBrewery/catalyst/generated/caql/parser/caql_parser.go:569.55,571.2 1 1
github.com/SecurityBrewery/catalyst/generated/caql/parser/caql_parser.go:573.55,575.2 1 1
github.com/SecurityBrewery/catalyst/generated/caql/parser/caql_parser.go:577.56,579.2 1 1
github.com/SecurityBrewery/catalyst/generated/caql/parser/caql_parser.go:581.55,583.2 1 1
github.com/SecurityBrewery/catalyst/generated/caql/parser/caql_parser.go:585.55,587.2 1 1
github.com/SecurityBrewery/catalyst/generated/caql/parser/caql_parser.go:589.56,591.2 1 1
github.com/SecurityBrewery/catalyst/generated/caql/parser/caql_parser.go:593.56,595.2 1 1
github.com/SecurityBrewery/catalyst/generated/caql/parser/caql_parser.go:597.57,599.2 1 1
github.com/SecurityBrewery/catalyst/generated/caql/parser/caql_parser.go:601.57,603.2 1 1
github.com/SecurityBrewery/catalyst/generated/caql/parser/caql_parser.go:605.64,607.2 1 1
github.com/SecurityBrewery/catalyst/generated/caql/parser/caql_parser.go:609.68,611.2 1 1
github.com/SecurityBrewery/catalyst/generated/caql/parser/caql_parser.go:613.56,615.2 1 1
github.com/SecurityBrewery/catalyst/generated/caql/parser/caql_parser.go:617.55,619.2 1 1
github.com/SecurityBrewery/catalyst/generated/caql/parser/caql_parser.go:621.61,623.2 1 1
github.com/SecurityBrewery/catalyst/generated/caql/parser/caql_parser.go:625.58,627.2 1 0
github.com/SecurityBrewery/catalyst/generated/caql/parser/caql_parser.go:629.64,631.2 1 1
github.com/SecurityBrewery/catalyst/generated/caql/parser/caql_parser.go:633.93,635.2 1 0
github.com/SecurityBrewery/catalyst/generated/caql/parser/caql_parser.go:637.73,638.56 1 1
github.com/SecurityBrewery/catalyst/generated/caql/parser/caql_parser.go:638.56,640.3 1 1
github.com/SecurityBrewery/catalyst/generated/caql/parser/caql_parser.go:643.72,644.56 1 1
github.com/SecurityBrewery/catalyst/generated/caql/parser/caql_parser.go:644.56,646.3 1 1
github.com/SecurityBrewery/catalyst/generated/caql/parser/caql_parser.go:649.65,651.2 1 0
github.com/SecurityBrewery/catalyst/generated/caql/parser/caql_parser.go:653.71,666.15 11 1
github.com/SecurityBrewery/catalyst/generated/caql/parser/caql_parser.go:666.15,668.3 1 1
github.com/SecurityBrewery/catalyst/generated/caql/parser/caql_parser.go:670.2,670.15 1 1
github.com/SecurityBrewery/catalyst/generated/caql/parser/caql_parser.go:670.15,671.35 1 1
github.com/SecurityBrewery/catalyst/generated/caql/parser/caql_parser.go:671.35,672.53 1 1
github.com/SecurityBrewery/catalyst/generated/caql/parser/caql_parser.go:672.53,676.5 3 0
github.com/SecurityBrewery/catalyst/generated/caql/parser/caql_parser.go:676.10,677.15 1 1
github.com/SecurityBrewery/catalyst/generated/caql/parser/caql_parser.go:682.2,688.34 5 1
github.com/SecurityBrewery/catalyst/generated/caql/parser/caql_parser.go:689.124,690.3 1 1
github.com/SecurityBrewery/catalyst/generated/caql/parser/caql_parser.go:690.3,693.4 2 1
github.com/SecurityBrewery/catalyst/generated/caql/parser/caql_parser.go:695.93,696.3 1 1
github.com/SecurityBrewery/catalyst/generated/caql/parser/caql_parser.go:696.3,699.4 2 1
github.com/SecurityBrewery/catalyst/generated/caql/parser/caql_parser.go:701.60,702.3 1 1
github.com/SecurityBrewery/catalyst/generated/caql/parser/caql_parser.go:702.3,705.4 2 1
github.com/SecurityBrewery/catalyst/generated/caql/parser/caql_parser.go:707.10,708.67 1 0
github.com/SecurityBrewery/catalyst/generated/caql/parser/caql_parser.go:710.2,715.53 5 1
github.com/SecurityBrewery/catalyst/generated/caql/parser/caql_parser.go:715.53,716.16 1 1
github.com/SecurityBrewery/catalyst/generated/caql/parser/caql_parser.go:716.16,717.36 1 1
github.com/SecurityBrewery/catalyst/generated/caql/parser/caql_parser.go:717.36,719.5 1 1
github.com/SecurityBrewery/catalyst/generated/caql/parser/caql_parser.go:720.4,723.95 4 1
github.com/SecurityBrewery/catalyst/generated/caql/parser/caql_parser.go:724.11,729.52 4 1
github.com/SecurityBrewery/catalyst/generated/caql/parser/caql_parser.go:729.52,730.97 1 0
github.com/SecurityBrewery/catalyst/generated/caql/parser/caql_parser.go:732.5,736.64 3 1
github.com/SecurityBrewery/catalyst/generated/caql/parser/caql_parser.go:736.64,738.7 1 0
github.com/SecurityBrewery/catalyst/generated/caql/parser/caql_parser.go:738.12,741.7 2 1
github.com/SecurityBrewery/catalyst/generated/caql/parser/caql_parser.go:743.5,746.6 2 1
github.com/SecurityBrewery/catalyst/generated/caql/parser/caql_parser.go:748.11,753.52 4 1
github.com/SecurityBrewery/catalyst/generated/caql/parser/caql_parser.go:753.52,754.97 1 0
github.com/SecurityBrewery/catalyst/generated/caql/parser/caql_parser.go:756.5,760.127 3 1
github.com/SecurityBrewery/catalyst/generated/caql/parser/caql_parser.go:760.127,762.7 1 0
github.com/SecurityBrewery/catalyst/generated/caql/parser/caql_parser.go:762.12,765.7 2 1
github.com/SecurityBrewery/catalyst/generated/caql/parser/caql_parser.go:767.5,770.6 2 1
github.com/SecurityBrewery/catalyst/generated/caql/parser/caql_parser.go:772.11,777.52 4 1
github.com/SecurityBrewery/catalyst/generated/caql/parser/caql_parser.go:777.52,778.97 1 0
github.com/SecurityBrewery/catalyst/generated/caql/parser/caql_parser.go:780.5,783.6 2 1
github.com/SecurityBrewery/catalyst/generated/caql/parser/caql_parser.go:784.5,787.6 2 1
github.com/SecurityBrewery/catalyst/generated/caql/parser/caql_parser.go:789.11,794.52 4 1
github.com/SecurityBrewery/catalyst/generated/caql/parser/caql_parser.go:794.52,795.97 1 0
github.com/SecurityBrewery/catalyst/generated/caql/parser/caql_parser.go:797.5,801.142 3 1
github.com/SecurityBrewery/catalyst/generated/caql/parser/caql_parser.go:801.142,803.7 1 0
github.com/SecurityBrewery/catalyst/generated/caql/parser/caql_parser.go:803.12,806.7 2 1
github.com/SecurityBrewery/catalyst/generated/caql/parser/caql_parser.go:808.5,811.6 2 1
github.com/SecurityBrewery/catalyst/generated/caql/parser/caql_parser.go:813.11,818.51 4 1
github.com/SecurityBrewery/catalyst/generated/caql/parser/caql_parser.go:818.51,819.96 1 0
github.com/SecurityBrewery/catalyst/generated/caql/parser/caql_parser.go:821.5,825.31 4 1
github.com/SecurityBrewery/catalyst/generated/caql/parser/caql_parser.go:825.31,826.6 1 1
github.com/SecurityBrewery/catalyst/generated/caql/parser/caql_parser.go:826.6,829.7 2 1
github.com/SecurityBrewery/catalyst/generated/caql/parser/caql_parser.go:832.5,835.6 2 1
github.com/SecurityBrewery/catalyst/generated/caql/parser/caql_parser.go:836.5,839.6 2 1
github.com/SecurityBrewery/catalyst/generated/caql/parser/caql_parser.go:841.11,846.51 4 1
github.com/SecurityBrewery/catalyst/generated/caql/parser/caql_parser.go:846.51,847.96 1 0
github.com/SecurityBrewery/catalyst/generated/caql/parser/caql_parser.go:849.5,853.59 3 1
github.com/SecurityBrewery/catalyst/generated/caql/parser/caql_parser.go:853.59,855.7 1 0
github.com/SecurityBrewery/catalyst/generated/caql/parser/caql_parser.go:855.12,858.7 2 1
github.com/SecurityBrewery/catalyst/generated/caql/parser/caql_parser.go:860.5,863.6 2 1
github.com/SecurityBrewery/catalyst/generated/caql/parser/caql_parser.go:865.11,870.51 4 1
github.com/SecurityBrewery/catalyst/generated/caql/parser/caql_parser.go:870.51,871.96 1 0
github.com/SecurityBrewery/catalyst/generated/caql/parser/caql_parser.go:873.5,877.149 3 1
github.com/SecurityBrewery/catalyst/generated/caql/parser/caql_parser.go:877.149,879.7 1 0
github.com/SecurityBrewery/catalyst/generated/caql/parser/caql_parser.go:879.12,882.7 2 1
github.com/SecurityBrewery/catalyst/generated/caql/parser/caql_parser.go:884.5,893.209 5 1
github.com/SecurityBrewery/catalyst/generated/caql/parser/caql_parser.go:893.209,897.7 2 0
github.com/SecurityBrewery/catalyst/generated/caql/parser/caql_parser.go:897.12,900.7 2 1
github.com/SecurityBrewery/catalyst/generated/caql/parser/caql_parser.go:902.5,905.6 2 1
github.com/SecurityBrewery/catalyst/generated/caql/parser/caql_parser.go:907.11,912.51 4 0
github.com/SecurityBrewery/catalyst/generated/caql/parser/caql_parser.go:912.51,913.96 1 0
github.com/SecurityBrewery/catalyst/generated/caql/parser/caql_parser.go:915.5,919.149 3 0
github.com/SecurityBrewery/catalyst/generated/caql/parser/caql_parser.go:919.149,921.7 1 0
github.com/SecurityBrewery/catalyst/generated/caql/parser/caql_parser.go:921.12,924.7 2 0
github.com/SecurityBrewery/catalyst/generated/caql/parser/caql_parser.go:926.5,929.6 2 0
github.com/SecurityBrewery/catalyst/generated/caql/parser/caql_parser.go:930.5,933.6 2 0
github.com/SecurityBrewery/catalyst/generated/caql/parser/caql_parser.go:934.5,937.6 2 0
github.com/SecurityBrewery/catalyst/generated/caql/parser/caql_parser.go:939.11,944.51 4 1
github.com/SecurityBrewery/catalyst/generated/caql/parser/caql_parser.go:944.51,945.96 1 0
github.com/SecurityBrewery/catalyst/generated/caql/parser/caql_parser.go:947.5,951.31 4 1
github.com/SecurityBrewery/catalyst/generated/caql/parser/caql_parser.go:951.31,952.6 1 1
github.com/SecurityBrewery/catalyst/generated/caql/parser/caql_parser.go:952.6,955.7 2 1
github.com/SecurityBrewery/catalyst/generated/caql/parser/caql_parser.go:958.5,962.108 3 1
github.com/SecurityBrewery/catalyst/generated/caql/parser/caql_parser.go:962.108,964.7 1 0
github.com/SecurityBrewery/catalyst/generated/caql/parser/caql_parser.go:964.12,967.7 2 1
github.com/SecurityBrewery/catalyst/generated/caql/parser/caql_parser.go:969.5,972.6 2 1
github.com/SecurityBrewery/catalyst/generated/caql/parser/caql_parser.go:974.12,979.51 4 1
github.com/SecurityBrewery/catalyst/generated/caql/parser/caql_parser.go:979.51,980.96 1 0
github.com/SecurityBrewery/catalyst/generated/caql/parser/caql_parser.go:982.5,985.6 2 1
github.com/SecurityBrewery/catalyst/generated/caql/parser/caql_parser.go:986.5,989.6 2 1
github.com/SecurityBrewery/catalyst/generated/caql/parser/caql_parser.go:991.12,996.51 4 1
github.com/SecurityBrewery/catalyst/generated/caql/parser/caql_parser.go:996.51,997.96 1 0
github.com/SecurityBrewery/catalyst/generated/caql/parser/caql_parser.go:999.5,1002.6 2 1
github.com/SecurityBrewery/catalyst/generated/caql/parser/caql_parser.go:1003.5,1006.6 2 1
github.com/SecurityBrewery/catalyst/generated/caql/parser/caql_parser.go:1008.12,1013.51 4 1
github.com/SecurityBrewery/catalyst/generated/caql/parser/caql_parser.go:1013.51,1014.96 1 0
github.com/SecurityBrewery/catalyst/generated/caql/parser/caql_parser.go:1016.5,1019.6 2 1
github.com/SecurityBrewery/catalyst/generated/caql/parser/caql_parser.go:1020.5,1023.6 2 1
github.com/SecurityBrewery/catalyst/generated/caql/parser/caql_parser.go:1024.5,1027.6 2 1
github.com/SecurityBrewery/catalyst/generated/caql/parser/caql_parser.go:1028.5,1031.6 2 1
github.com/SecurityBrewery/catalyst/generated/caql/parser/caql_parser.go:1033.12,1038.51 4 1
github.com/SecurityBrewery/catalyst/generated/caql/parser/caql_parser.go:1038.51,1039.96 1 0
github.com/SecurityBrewery/catalyst/generated/caql/parser/caql_parser.go:1041.5,1044.6 2 1
github.com/SecurityBrewery/catalyst/generated/caql/parser/caql_parser.go:1045.5,1048.6 2 1
github.com/SecurityBrewery/catalyst/generated/caql/parser/caql_parser.go:1049.5,1052.6 2 1
github.com/SecurityBrewery/catalyst/generated/caql/parser/caql_parser.go:1057.3,1059.93 3 1
github.com/SecurityBrewery/catalyst/generated/caql/parser/caql_parser.go:1062.2,1062.17 1 1
github.com/SecurityBrewery/catalyst/generated/caql/parser/caql_parser.go:1081.61,1086.2 4 0
github.com/SecurityBrewery/catalyst/generated/caql/parser/caql_parser.go:1088.58,1088.59 0 0
github.com/SecurityBrewery/catalyst/generated/caql/parser/caql_parser.go:1090.126,1099.2 5 1
github.com/SecurityBrewery/catalyst/generated/caql/parser/caql_parser.go:1101.58,1101.77 1 0
github.com/SecurityBrewery/catalyst/generated/caql/parser/caql_parser.go:1103.61,1105.2 1 1
github.com/SecurityBrewery/catalyst/generated/caql/parser/caql_parser.go:1107.65,1109.38 2 0
github.com/SecurityBrewery/catalyst/generated/caql/parser/caql_parser.go:1109.38,1110.44 1 0
github.com/SecurityBrewery/catalyst/generated/caql/parser/caql_parser.go:1110.44,1112.9 2 0
github.com/SecurityBrewery/catalyst/generated/caql/parser/caql_parser.go:1116.2,1116.14 1 0
github.com/SecurityBrewery/catalyst/generated/caql/parser/caql_parser.go:1116.14,1118.3 1 0
github.com/SecurityBrewery/catalyst/generated/caql/parser/caql_parser.go:1120.2,1120.31 1 0
github.com/SecurityBrewery/catalyst/generated/caql/parser/caql_parser.go:1123.62,1125.2 1 1
github.com/SecurityBrewery/catalyst/generated/caql/parser/caql_parser.go:1127.60,1129.2 1 1
github.com/SecurityBrewery/catalyst/generated/caql/parser/caql_parser.go:1131.68,1133.2 1 1
github.com/SecurityBrewery/catalyst/generated/caql/parser/caql_parser.go:1135.97,1137.2 1 0
github.com/SecurityBrewery/catalyst/generated/caql/parser/caql_parser.go:1139.77,1140.56 1 1
github.com/SecurityBrewery/catalyst/generated/caql/parser/caql_parser.go:1140.56,1142.3 1 1
github.com/SecurityBrewery/catalyst/generated/caql/parser/caql_parser.go:1145.76,1146.56 1 1
github.com/SecurityBrewery/catalyst/generated/caql/parser/caql_parser.go:1146.56,1148.3 1 1
github.com/SecurityBrewery/catalyst/generated/caql/parser/caql_parser.go:1151.73,1158.15 5 1
[...]
github.com/SecurityBrewery/catalyst/generated/model/model.go:130.2,184.52 55 1
github.com/SecurityBrewery/catalyst/generated/model/model.go:632.51,634.16 2 1
github.com/SecurityBrewery/catalyst/generated/model/model.go:634.16,635.13 1 0
github.com/SecurityBrewery/catalyst/generated/model/model.go:637.2,637.10 1 1
github.com/SecurityBrewery/catalyst/generated/pointer/pointer.go:5.31,7.2 1 1
github.com/SecurityBrewery/catalyst/generated/pointer/pointer.go:9.28,11.2 1 1
github.com/SecurityBrewery/catalyst/generated/pointer/pointer.go:13.25,15.2 1 0
github.com/SecurityBrewery/catalyst/generated/pointer/pointer.go:17.35,19.2 1 1
github.com/SecurityBrewery/catalyst/generated/time/time.go:11.34,13.2 1 1
github.com/SecurityBrewery/catalyst/generated/time/time.go:17.22,19.2 1 1
github.com/SecurityBrewery/catalyst/hooks/hooks.go:19.94,20.48 1 1
github.com/SecurityBrewery/catalyst/hooks/hooks.go:20.48,22.3 1 1
github.com/SecurityBrewery/catalyst/hooks/hooks.go:25.90,26.34 1 1
github.com/SecurityBrewery/catalyst/hooks/hooks.go:26.34,28.3 1 0
github.com/SecurityBrewery/catalyst/hooks/hooks.go:30.2,30.18 1 1
github.com/SecurityBrewery/catalyst/hooks/hooks.go:33.87,34.35 1 1
github.com/SecurityBrewery/catalyst/hooks/hooks.go:34.35,36.3 1 0
github.com/SecurityBrewery/catalyst/hooks/hooks.go:38.2,38.21 1 1
github.com/SecurityBrewery/catalyst/hooks/hooks.go:41.88,42.36 1 1
github.com/SecurityBrewery/catalyst/hooks/hooks.go:42.36,44.3 1 0
github.com/SecurityBrewery/catalyst/hooks/hooks.go:46.2,46.21 1 1
github.com/SecurityBrewery/catalyst/hooks/hooks.go:49.83,50.28 1 0
github.com/SecurityBrewery/catalyst/hooks/hooks.go:50.28,52.3 1 0
github.com/SecurityBrewery/catalyst/hooks/hooks.go:54.2,54.17 1 0
github.com/SecurityBrewery/catalyst/index/index.go:19.39,22.51 3 1
github.com/SecurityBrewery/catalyst/index/index.go:22.51,24.3 1 1
github.com/SecurityBrewery/catalyst/index/index.go:24.8,26.3 1 1
github.com/SecurityBrewery/catalyst/index/index.go:27.2,27.16 1 1
github.com/SecurityBrewery/catalyst/index/index.go:27.16,29.3 1 0
github.com/SecurityBrewery/catalyst/index/index.go:31.2,31.54 1 1
github.com/SecurityBrewery/catalyst/index/index.go:34.64,36.37 2 1
github.com/SecurityBrewery/catalyst/index/index.go:36.37,37.23 1 1
github.com/SecurityBrewery/catalyst/index/index.go:37.23,40.12 2 0
github.com/SecurityBrewery/catalyst/index/index.go:43.3,44.17 2 1
github.com/SecurityBrewery/catalyst/index/index.go:44.17,46.4 1 0
github.com/SecurityBrewery/catalyst/index/index.go:49.2,49.44 1 1
github.com/SecurityBrewery/catalyst/index/index.go:49.44,51.3 1 0
github.com/SecurityBrewery/catalyst/index/index.go:54.63,57.16 3 0
github.com/SecurityBrewery/catalyst/index/index.go:57.16,59.3 1 0
github.com/SecurityBrewery/catalyst/index/index.go:60.2,60.36 1 0
github.com/SecurityBrewery/catalyst/index/index.go:60.36,62.3 1 0
github.com/SecurityBrewery/catalyst/index/index.go:64.2,64.17 1 0
github.com/SecurityBrewery/catalyst/index/index.go:67.34,69.16 2 0
github.com/SecurityBrewery/catalyst/index/index.go:69.16,71.3 1 0
github.com/SecurityBrewery/catalyst/index/index.go:72.2,73.16 2 0
github.com/SecurityBrewery/catalyst/index/index.go:73.16,75.3 1 0
github.com/SecurityBrewery/catalyst/index/index.go:76.2,77.16 2 0
github.com/SecurityBrewery/catalyst/index/index.go:77.16,79.3 1 0
github.com/SecurityBrewery/catalyst/index/index.go:80.2,82.12 2 0
github.com/SecurityBrewery/catalyst/index/index.go:85.31,87.2 1 1
github.com/SecurityBrewery/catalyst/service/automation.go:13.85,14.23 1 1
github.com/SecurityBrewery/catalyst/service/automation.go:14.23,16.3 1 1
github.com/SecurityBrewery/catalyst/service/automation.go:18.2,18.36 1 0
github.com/SecurityBrewery/catalyst/service/automation.go:21.50,23.2 1 1
github.com/SecurityBrewery/catalyst/service/automation.go:25.93,27.2 1 1
github.com/SecurityBrewery/catalyst/service/automation.go:29.128,33.2 2 1
github.com/SecurityBrewery/catalyst/service/automation.go:35.100,37.2 1 1
github.com/SecurityBrewery/catalyst/service/automation.go:39.139,43.2 2 1
github.com/SecurityBrewery/catalyst/service/automation.go:45.80,49.2 2 1
github.com/SecurityBrewery/catalyst/service/dashboard.go:13.76,14.16 1 1
github.com/SecurityBrewery/catalyst/service/dashboard.go:14.16,16.3 1 1
github.com/SecurityBrewery/catalyst/service/dashboard.go:18.2,18.27 1 0
github.com/SecurityBrewery/catalyst/service/dashboard.go:21.49,23.2 1 1
github.com/SecurityBrewery/catalyst/service/dashboard.go:25.91,27.2 1 1
github.com/SecurityBrewery/catalyst/service/dashboard.go:29.126,33.2 2 1
github.com/SecurityBrewery/catalyst/service/dashboard.go:35.98,37.2 1 1
github.com/SecurityBrewery/catalyst/service/dashboard.go:39.132,43.2 2 1
github.com/SecurityBrewery/catalyst/service/dashboard.go:45.79,49.2 2 1
github.com/SecurityBrewery/catalyst/service/dashboard.go:51.114,53.2 1 1
github.com/SecurityBrewery/catalyst/service/job.go:15.64,16.16 1 1
github.com/SecurityBrewery/catalyst/service/job.go:16.16,18.3 1 1
github.com/SecurityBrewery/catalyst/service/job.go:20.2,20.22 1 0
github.com/SecurityBrewery/catalyst/service/job.go:23.43,25.2 1 1
github.com/SecurityBrewery/catalyst/service/job.go:27.79,29.2 1 1
github.com/SecurityBrewery/catalyst/service/job.go:31.104,53.2 5 1
github.com/SecurityBrewery/catalyst/service/job.go:55.86,57.2 1 1
github.com/SecurityBrewery/catalyst/service/job.go:59.119,63.2 2 1
github.com/SecurityBrewery/catalyst/service/log.go:10.93,14.2 2 1
github.com/SecurityBrewery/catalyst/service/playbook.go:13.87,14.21 1 1
github.com/SecurityBrewery/catalyst/service/playbook.go:14.21,16.3 1 1
github.com/SecurityBrewery/catalyst/service/playbook.go:18.2,18.32 1 0
github.com/SecurityBrewery/catalyst/service/playbook.go:21.48,23.2 1 1
github.com/SecurityBrewery/catalyst/service/playbook.go:25.97,27.2 1 1
github.com/SecurityBrewery/catalyst/service/playbook.go:29.138,33.2 2 1
github.com/SecurityBrewery/catalyst/service/playbook.go:35.104,37.2 1 1
github.com/SecurityBrewery/catalyst/service/playbook.go:39.149,43.2 2 1
github.com/SecurityBrewery/catalyst/service/playbook.go:45.78,49.2 2 1
github.com/SecurityBrewery/catalyst/service/service.go:21.113,23.2 1 1
github.com/SecurityBrewery/catalyst/service/service.go:25.108,26.16 1 1
github.com/SecurityBrewery/catalyst/service/service.go:26.16,28.3 1 0
github.com/SecurityBrewery/catalyst/service/service.go:29.2,29.16 1 1
github.com/SecurityBrewery/catalyst/service/service.go:29.16,32.9 3 1
github.com/SecurityBrewery/catalyst/service/service.go:32.9,34.4 1 1
github.com/SecurityBrewery/catalyst/service/service.go:36.3,40.5 1 1
github.com/SecurityBrewery/catalyst/service/settings.go:11.85,13.16 2 1
github.com/SecurityBrewery/catalyst/service/settings.go:13.16,15.3 1 0
github.com/SecurityBrewery/catalyst/service/settings.go:17.2,17.40 1 1
github.com/SecurityBrewery/catalyst/service/settings.go:20.112,22.16 2 1
github.com/SecurityBrewery/catalyst/service/settings.go:22.16,24.3 1 0
github.com/SecurityBrewery/catalyst/service/settings.go:26.2,26.40 1 1
github.com/SecurityBrewery/catalyst/service/settings.go:29.114,31.8 2 1
github.com/SecurityBrewery/catalyst/service/settings.go:31.8,34.52 2 1
github.com/SecurityBrewery/catalyst/service/settings.go:34.52,36.4 1 0
github.com/SecurityBrewery/catalyst/service/settings.go:39.2,49.8 2 1
github.com/SecurityBrewery/catalyst/service/statistics.go:9.81,11.2 1 1
github.com/SecurityBrewery/catalyst/service/task.go:9.84,11.2 1 1
github.com/SecurityBrewery/catalyst/service/template.go:13.85,14.21 1 1
github.com/SecurityBrewery/catalyst/service/template.go:14.21,16.3 1 1
github.com/SecurityBrewery/catalyst/service/template.go:18.2,18.32 1 0
github.com/SecurityBrewery/catalyst/service/template.go:21.48,23.2 1 1
github.com/SecurityBrewery/catalyst/service/template.go:25.95,27.2 1 1
github.com/SecurityBrewery/catalyst/service/template.go:29.134,33.2 2 1
github.com/SecurityBrewery/catalyst/service/template.go:35.102,37.2 1 1
github.com/SecurityBrewery/catalyst/service/template.go:39.145,43.2 2 1
github.com/SecurityBrewery/catalyst/service/template.go:45.78,49.2 2 1
github.com/SecurityBrewery/catalyst/service/ticket.go:18.87,19.27 1 1
github.com/SecurityBrewery/catalyst/service/ticket.go:19.27,21.3 1 1
github.com/SecurityBrewery/catalyst/service/ticket.go:23.2,23.36 1 0
github.com/SecurityBrewery/catalyst/service/ticket.go:26.51,30.2 2 1
github.com/SecurityBrewery/catalyst/service/ticket.go:32.77,34.49 2 1
github.com/SecurityBrewery/catalyst/service/ticket.go:34.49,36.3 1 1
github.com/SecurityBrewery/catalyst/service/ticket.go:38.2,38.12 1 1
github.com/SecurityBrewery/catalyst/service/ticket.go:41.171,43.36 2 1
github.com/SecurityBrewery/catalyst/service/ticket.go:43.36,45.3 1 0
github.com/SecurityBrewery/catalyst/service/ticket.go:46.2,47.44 2 1
github.com/SecurityBrewery/catalyst/service/ticket.go:47.44,49.3 1 0
github.com/SecurityBrewery/catalyst/service/ticket.go:51.2,52.20 2 1
github.com/SecurityBrewery/catalyst/service/ticket.go:52.20,54.3 1 0
github.com/SecurityBrewery/catalyst/service/ticket.go:56.2,57.19 2 1
github.com/SecurityBrewery/catalyst/service/ticket.go:57.19,59.3 1 0
github.com/SecurityBrewery/catalyst/service/ticket.go:61.2,61.74 1 1
github.com/SecurityBrewery/catalyst/service/ticket.go:64.116,67.29 3 1
github.com/SecurityBrewery/catalyst/service/ticket.go:67.29,69.3 1 1
github.com/SecurityBrewery/catalyst/service/ticket.go:71.2,71.17 1 0
github.com/SecurityBrewery/catalyst/service/ticket.go:74.104,75.28 1 1
github.com/SecurityBrewery/catalyst/service/ticket.go:75.28,77.3 1 0
github.com/SecurityBrewery/catalyst/service/ticket.go:78.2,81.12 3 1
github.com/SecurityBrewery/catalyst/service/ticket.go:84.93,86.2 1 1
github.com/SecurityBrewery/catalyst/service/ticket.go:88.126,92.2 2 1
github.com/SecurityBrewery/catalyst/service/ticket.go:94.74,98.2 2 1
github.com/SecurityBrewery/catalyst/service/ticket.go:100.129,104.2 2 1
github.com/SecurityBrewery/catalyst/service/ticket.go:106.97,108.2 1 1
github.com/SecurityBrewery/catalyst/service/ticket.go:110.140,114.2 2 1
github.com/SecurityBrewery/catalyst/service/ticket.go:116.117,120.2 2 1
github.com/SecurityBrewery/catalyst/service/ticket.go:122.145,126.2 2 1
github.com/SecurityBrewery/catalyst/service/ticket.go:128.100,130.16 2 1
github.com/SecurityBrewery/catalyst/service/ticket.go:130.16,132.3 1 0
github.com/SecurityBrewery/catalyst/service/ticket.go:134.2,149.12 5 1
github.com/SecurityBrewery/catalyst/service/ticket.go:152.127,156.2 2 1
github.com/SecurityBrewery/catalyst/service/ticket.go:158.113,162.2 2 1
github.com/SecurityBrewery/catalyst/service/ticket.go:164.143,168.2 2 1
github.com/SecurityBrewery/catalyst/service/ticket.go:170.123,174.2 2 1
github.com/SecurityBrewery/catalyst/service/ticket.go:176.146,180.2 2 1
github.com/SecurityBrewery/catalyst/service/ticket.go:182.140,186.2 2 1
github.com/SecurityBrewery/catalyst/service/ticket.go:188.144,192.2 2 1
github.com/SecurityBrewery/catalyst/service/ticket.go:194.91,198.2 2 1
github.com/SecurityBrewery/catalyst/service/ticket.go:200.139,201.23 1 1
github.com/SecurityBrewery/catalyst/service/ticket.go:201.23,203.3 1 0
github.com/SecurityBrewery/catalyst/service/ticket.go:204.2,206.54 2 1
github.com/SecurityBrewery/catalyst/service/ticket.go:209.112,213.2 2 1
github.com/SecurityBrewery/catalyst/service/ticket.go:215.104,217.16 2 1
github.com/SecurityBrewery/catalyst/service/ticket.go:217.16,219.3 1 0
github.com/SecurityBrewery/catalyst/service/ticket.go:220.2,222.28 2 1
github.com/SecurityBrewery/catalyst/service/ticket.go:225.106,227.16 2 1
github.com/SecurityBrewery/catalyst/service/ticket.go:227.16,229.3 1 0
github.com/SecurityBrewery/catalyst/service/ticket.go:230.2,232.28 2 1
github.com/SecurityBrewery/catalyst/service/tickettype.go:13.85,14.23 1 1
github.com/SecurityBrewery/catalyst/service/tickettype.go:14.23,16.3 1 1
github.com/SecurityBrewery/catalyst/service/tickettype.go:18.2,18.34 1 0
github.com/SecurityBrewery/catalyst/service/tickettype.go:21.50,23.2 1 1
github.com/SecurityBrewery/catalyst/service/tickettype.go:25.93,27.2 1 1
github.com/SecurityBrewery/catalyst/service/tickettype.go:29.128,33.2 2 1
github.com/SecurityBrewery/catalyst/service/tickettype.go:35.100,37.2 1 1
github.com/SecurityBrewery/catalyst/service/tickettype.go:39.139,43.2 2 1
github.com/SecurityBrewery/catalyst/service/tickettype.go:45.80,49.2 2 1
github.com/SecurityBrewery/catalyst/service/user.go:16.73,17.17 1 1
github.com/SecurityBrewery/catalyst/service/user.go:17.17,19.3 1 1
github.com/SecurityBrewery/catalyst/service/user.go:21.2,21.24 1 0
github.com/SecurityBrewery/catalyst/service/user.go:24.44,26.2 1 1
github.com/SecurityBrewery/catalyst/service/user.go:28.81,30.2 1 1
github.com/SecurityBrewery/catalyst/service/user.go:32.113,36.2 2 1
github.com/SecurityBrewery/catalyst/service/user.go:38.88,40.16 2 1
github.com/SecurityBrewery/catalyst/service/user.go:40.16,42.3 1 1
github.com/SecurityBrewery/catalyst/service/user.go:44.2,44.36 1 1
github.com/SecurityBrewery/catalyst/service/user.go:47.121,49.16 2 1
github.com/SecurityBrewery/catalyst/service/user.go:49.16,51.3 1 1
github.com/SecurityBrewery/catalyst/service/user.go:53.2,55.45 2 1
github.com/SecurityBrewery/catalyst/service/user.go:58.74,60.16 2 1
github.com/SecurityBrewery/catalyst/service/user.go:60.16,62.3 1 1
github.com/SecurityBrewery/catalyst/service/user.go:64.2,66.39 2 1
github.com/SecurityBrewery/catalyst/service/user.go:69.81,71.9 2 1
github.com/SecurityBrewery/catalyst/service/user.go:71.9,73.3 1 0
github.com/SecurityBrewery/catalyst/service/user.go:74.2,81.8 2 1
github.com/SecurityBrewery/catalyst/service/userdata.go:16.79,17.21 1 1
github.com/SecurityBrewery/catalyst/service/userdata.go:17.21,19.3 1 1
github.com/SecurityBrewery/catalyst/service/userdata.go:21.2,21.32 1 0
github.com/SecurityBrewery/catalyst/service/userdata.go:24.48,26.2 1 0
github.com/SecurityBrewery/catalyst/service/userdata.go:28.96,30.2 1 1
github.com/SecurityBrewery/catalyst/service/userdata.go:32.96,34.16 2 1
github.com/SecurityBrewery/catalyst/service/userdata.go:34.16,36.3 1 1
github.com/SecurityBrewery/catalyst/service/userdata.go:38.2,38.40 1 1
github.com/SecurityBrewery/catalyst/service/userdata.go:41.129,43.16 2 1
github.com/SecurityBrewery/catalyst/service/userdata.go:43.16,45.3 1 1
github.com/SecurityBrewery/catalyst/service/userdata.go:47.2,49.49 2 1
github.com/SecurityBrewery/catalyst/service/userdata.go:52.97,54.9 2 1
github.com/SecurityBrewery/catalyst/service/userdata.go:54.9,56.3 1 0
github.com/SecurityBrewery/catalyst/service/userdata.go:58.2,58.45 1 1
github.com/SecurityBrewery/catalyst/service/userdata.go:61.125,63.9 2 1
github.com/SecurityBrewery/catalyst/service/userdata.go:63.9,65.3 1 0
github.com/SecurityBrewery/catalyst/service/userdata.go:67.2,69.54 2 1
github.com/SecurityBrewery/catalyst/storage/storage.go:27.44,37.2 2 1
github.com/SecurityBrewery/catalyst/storage/storage.go:39.31,41.2 1 1
github.com/SecurityBrewery/catalyst/storage/storage.go:43.54,48.2 3 1
github.com/SecurityBrewery/catalyst/storage/storage.go:50.50,55.2 3 1
github.com/SecurityBrewery/catalyst/storage/storage.go:57.51,61.2 2 0
github.com/SecurityBrewery/catalyst/storage/storage.go:63.57,65.16 2 0
github.com/SecurityBrewery/catalyst/storage/storage.go:65.16,67.17 2 0
github.com/SecurityBrewery/catalyst/storage/storage.go:67.17,69.4 1 0
github.com/SecurityBrewery/catalyst/storage/storage.go:70.8,72.142 2 0
github.com/SecurityBrewery/catalyst/storage/storage.go:72.142,74.4 1 0
github.com/SecurityBrewery/catalyst/storage/storage.go:76.3,76.13 1 0
github.com/SecurityBrewery/catalyst/storage/storage.go:79.2,79.12 1 0
github.com/SecurityBrewery/catalyst/test/data.go:21.70,22.66 1 1
github.com/SecurityBrewery/catalyst/test/data.go:22.66,24.3 1 0
github.com/SecurityBrewery/catalyst/test/data.go:26.2,26.55 1 1
github.com/SecurityBrewery/catalyst/test/data.go:26.55,28.3 1 0
github.com/SecurityBrewery/catalyst/test/data.go:29.2,29.120 1 1
github.com/SecurityBrewery/catalyst/test/data.go:29.120,31.3 1 0
github.com/SecurityBrewery/catalyst/test/data.go:33.2,73.17 1 1
github.com/SecurityBrewery/catalyst/test/data.go:73.17,75.3 1 0
github.com/SecurityBrewery/catalyst/test/data.go:77.2,77.58 1 1
github.com/SecurityBrewery/catalyst/test/data.go:77.58,79.3 1 0
github.com/SecurityBrewery/catalyst/test/data.go:81.2,81.812 1 1
github.com/SecurityBrewery/catalyst/test/data.go:81.812,83.3 1 0
github.com/SecurityBrewery/catalyst/test/data.go:85.2,102.17 1 1
github.com/SecurityBrewery/catalyst/test/data.go:102.17,104.3 1 0
github.com/SecurityBrewery/catalyst/test/data.go:106.2,106.12 1 1
github.com/SecurityBrewery/catalyst/test/data.go:109.33,111.16 2 1
github.com/SecurityBrewery/catalyst/test/data.go:111.16,112.13 1 0
github.com/SecurityBrewery/catalyst/test/data.go:115.2,117.13 2 1
github.com/SecurityBrewery/catalyst/test/test.go:29.32,31.2 1 1
github.com/SecurityBrewery/catalyst/test/test.go:33.58,70.2 2 1
github.com/SecurityBrewery/catalyst/test/test.go:72.56,76.16 3 1
github.com/SecurityBrewery/catalyst/test/test.go:76.16,78.3 1 0
github.com/SecurityBrewery/catalyst/test/test.go:80.2,81.16 2 1
github.com/SecurityBrewery/catalyst/test/test.go:81.16,83.3 1 0
github.com/SecurityBrewery/catalyst/test/test.go:85.2,85.31 1 1
github.com/SecurityBrewery/catalyst/test/test.go:85.31,85.75 2 1
github.com/SecurityBrewery/catalyst/test/test.go:88.77,94.16 4 1
github.com/SecurityBrewery/catalyst/test/test.go:94.16,96.3 1 0
github.com/SecurityBrewery/catalyst/test/test.go:98.2,100.38 2 1
github.com/SecurityBrewery/catalyst/test/test.go:103.136,107.16 3 1
github.com/SecurityBrewery/catalyst/test/test.go:107.16,109.3 1 0
github.com/SecurityBrewery/catalyst/test/test.go:111.2,112.16 2 1
github.com/SecurityBrewery/catalyst/test/test.go:112.16,114.3 1 0
github.com/SecurityBrewery/catalyst/test/test.go:116.2,117.16 2 1
github.com/SecurityBrewery/catalyst/test/test.go:117.16,119.3 1 0
github.com/SecurityBrewery/catalyst/test/test.go:121.2,126.16 4 1
github.com/SecurityBrewery/catalyst/test/test.go:126.16,128.3 1 0
github.com/SecurityBrewery/catalyst/test/test.go:130.2,135.16 2 1
github.com/SecurityBrewery/catalyst/test/test.go:135.16,137.3 1 0
github.com/SecurityBrewery/catalyst/test/test.go:139.2,139.71 1 1
github.com/SecurityBrewery/catalyst/test/test.go:139.71,141.17 2 1
github.com/SecurityBrewery/catalyst/test/test.go:141.17,143.4 1 0
github.com/SecurityBrewery/catalyst/test/test.go:144.3,144.12 1 1
github.com/SecurityBrewery/catalyst/test/test.go:148.159,152.16 3 1
github.com/SecurityBrewery/catalyst/test/test.go:152.16,154.3 1 0
github.com/SecurityBrewery/catalyst/test/test.go:156.2,157.16 2 1
github.com/SecurityBrewery/catalyst/test/test.go:157.16,159.3 1 0
github.com/SecurityBrewery/catalyst/test/test.go:161.2,161.93 1 1
github.com/SecurityBrewery/catalyst/test/test.go:164.170,168.16 3 1
github.com/SecurityBrewery/catalyst/test/test.go:168.16,170.3 1 0
github.com/SecurityBrewery/catalyst/test/test.go:172.2,172.100 1 1
github.com/SecurityBrewery/catalyst/test/test.go:172.100,173.50 1 1
github.com/SecurityBrewery/catalyst/test/test.go:173.50,174.73 1 1
github.com/SecurityBrewery/catalyst/test/test.go:174.73,176.5 1 1
github.com/SecurityBrewery/catalyst/test/test.go:180.2,180.109 1 1
github.com/SecurityBrewery/catalyst/test/test.go:183.90,189.16 4 1
github.com/SecurityBrewery/catalyst/test/test.go:189.16,191.3 1 0
github.com/SecurityBrewery/catalyst/test/test.go:192.2,199.28 4 1
github.com/SecurityBrewery/catalyst/test/test.go:202.37,210.2 5 1
github.com/SecurityBrewery/catalyst/test/test.go:212.68,213.59 1 1
github.com/SecurityBrewery/catalyst/test/test.go:213.59,214.56 1 1
github.com/SecurityBrewery/catalyst/test/test.go:214.56,215.82 1 1
github.com/SecurityBrewery/catalyst/test/test.go:215.82,216.79 1 1
github.com/SecurityBrewery/catalyst/test/test.go:216.79,217.42 1 1
github.com/SecurityBrewery/catalyst/test/test.go:217.42,219.7 1 0
github.com/SecurityBrewery/catalyst/test/test.go:222.4,222.41 1 1
github.com/SecurityBrewery/catalyst/test/test.go:222.41,224.5 1 0
